INFO - 2023-05-14 02:25:37 --> Session: Class initialized using 'CodeIgniter\Session\Handlers\FileHandler' driver.
WARNING - 2023-05-14 02:25:37 --> [DEPRECATED] Creation of dynamic property App\Controllers\Login::$ModelUser is deprecated in APPPATH\Controllers\Login.php on line 11.
 1 SYSTEMPATH\CodeIgniter.php(906): App\Controllers\Login->__construct()
 2 SYSTEMPATH\CodeIgniter.php(490): CodeIgniter\CodeIgniter->createController()
 3 SYSTEMPATH\CodeIgniter.php(368): CodeIgniter\CodeIgniter->handleRequest(null, Object(Config\Cache), false)
 4 FCPATH\index.php(67): CodeIgniter\CodeIgniter->run()
 5 SYSTEMPATH\Commands\Server\rewrite.php(47): require_once('FCPATH\\index.php')
WARNING - 2023-05-14 02:25:51 --> [DEPRECATED] Creation of dynamic property App\Controllers\Login::$ModelUser is deprecated in APPPATH\Controllers\Login.php on line 11.
 1 SYSTEMPATH\CodeIgniter.php(906): App\Controllers\Login->__construct()
 2 SYSTEMPATH\CodeIgniter.php(490): CodeIgniter\CodeIgniter->createController()
 3 SYSTEMPATH\CodeIgniter.php(368): CodeIgniter\CodeIgniter->handleRequest(null, Object(Config\Cache), false)
 4 FCPATH\index.php(67): CodeIgniter\CodeIgniter->run()
 5 SYSTEMPATH\Commands\Server\rewrite.php(47): require_once('FCPATH\\index.php')
INFO - 2023-05-14 02:25:52 --> Session: Class initialized using 'CodeIgniter\Session\Handlers\FileHandler' driver.
INFO - 2023-05-14 02:25:52 --> Session: Class initialized using 'CodeIgniter\Session\Handlers\FileHandler' driver.
WARNING - 2023-05-14 02:25:52 --> [DEPRECATED] ucfirst(): Passing null to parameter #1 ($string) of type string is deprecated in APPPATH\Views\pages\dashboard.php on line 22.
 1 APPPATH\Views\pages\dashboard.php(22): ucfirst(null)
 2 SYSTEMPATH\View\View.php(213): include('APPPATH\\Views\\pages\\dashboard.php')
 3 SYSTEMPATH\View\View.php(216): CodeIgniter\View\View->CodeIgniter\View\{closure}()
 4 SYSTEMPATH\Common.php(1177): CodeIgniter\View\View->render('pages/dashboard', [], true)
 5 APPPATH\Views\layout\content.php(3): view('pages/dashboard')
 6 SYSTEMPATH\View\View.php(213): include('APPPATH\\Views\\layout\\content.php')
 7 SYSTEMPATH\View\View.php(216): CodeIgniter\View\View->CodeIgniter\View\{closure}()
 8 SYSTEMPATH\Common.php(1177): CodeIgniter\View\View->render('layout/content', [], true)
 9 APPPATH\Views\layout\wrapper.php(5): view('layout/content')
10 SYSTEMPATH\View\View.php(213): include('APPPATH\\Views\\layout\\wrapper.php')
11 SYSTEMPATH\View\View.php(216): CodeIgniter\View\View->CodeIgniter\View\{closure}()
12 SYSTEMPATH\Common.php(1177): CodeIgniter\View\View->render('layout/wrapper', [], true)
13 APPPATH\Controllers\Dashboard.php(15): view('layout/wrapper', [...])
14 SYSTEMPATH\CodeIgniter.php(934): App\Controllers\Dashboard->index()
15 SYSTEMPATH\CodeIgniter.php(499): CodeIgniter\CodeIgniter->runController(Object(App\Controllers\Dashboard))
16 SYSTEMPATH\CodeIgniter.php(368): CodeIgniter\CodeIgniter->handleRequest(null, Object(Config\Cache), false)
17 FCPATH\index.php(67): CodeIgniter\CodeIgniter->run()
18 SYSTEMPATH\Commands\Server\rewrite.php(47): require_once('FCPATH\\index.php')
WARNING - 2023-05-14 02:25:52 --> [DEPRECATED] ucfirst(): Passing null to parameter #1 ($string) of type string is deprecated in APPPATH\Views\pages\dashboard.php on line 46.
 1 APPPATH\Views\pages\dashboard.php(46): ucfirst(null)
 2 SYSTEMPATH\View\View.php(213): include('APPPATH\\Views\\pages\\dashboard.php')
 3 SYSTEMPATH\View\View.php(216): CodeIgniter\View\View->CodeIgniter\View\{closure}()
 4 SYSTEMPATH\Common.php(1177): CodeIgniter\View\View->render('pages/dashboard', [], true)
 5 APPPATH\Views\layout\content.php(3): view('pages/dashboard')
 6 SYSTEMPATH\View\View.php(213): include('APPPATH\\Views\\layout\\content.php')
 7 SYSTEMPATH\View\View.php(216): CodeIgniter\View\View->CodeIgniter\View\{closure}()
 8 SYSTEMPATH\Common.php(1177): CodeIgniter\View\View->render('layout/content', [], true)
 9 APPPATH\Views\layout\wrapper.php(5): view('layout/content')
10 SYSTEMPATH\View\View.php(213): include('APPPATH\\Views\\layout\\wrapper.php')
11 SYSTEMPATH\View\View.php(216): CodeIgniter\View\View->CodeIgniter\View\{closure}()
12 SYSTEMPATH\Common.php(1177): CodeIgniter\View\View->render('layout/wrapper', [], true)
13 APPPATH\Controllers\Dashboard.php(15): view('layout/wrapper', [...])
14 SYSTEMPATH\CodeIgniter.php(934): App\Controllers\Dashboard->index()
15 SYSTEMPATH\CodeIgniter.php(499): CodeIgniter\CodeIgniter->runController(Object(App\Controllers\Dashboard))
16 SYSTEMPATH\CodeIgniter.php(368): CodeIgniter\CodeIgniter->handleRequest(null, Object(Config\Cache), false)
17 FCPATH\index.php(67): CodeIgniter\CodeIgniter->run()
18 SYSTEMPATH\Commands\Server\rewrite.php(47): require_once('FCPATH\\index.php')
WARNING - 2023-05-14 02:25:52 --> [DEPRECATED] ucfirst(): Passing null to parameter #1 ($string) of type string is deprecated in APPPATH\Views\pages\dashboard.php on line 56.
 1 APPPATH\Views\pages\dashboard.php(56): ucfirst(null)
 2 SYSTEMPATH\View\View.php(213): include('APPPATH\\Views\\pages\\dashboard.php')
 3 SYSTEMPATH\View\View.php(216): CodeIgniter\View\View->CodeIgniter\View\{closure}()
 4 SYSTEMPATH\Common.php(1177): CodeIgniter\View\View->render('pages/dashboard', [], true)
 5 APPPATH\Views\layout\content.php(3): view('pages/dashboard')
 6 SYSTEMPATH\View\View.php(213): include('APPPATH\\Views\\layout\\content.php')
 7 SYSTEMPATH\View\View.php(216): CodeIgniter\View\View->CodeIgniter\View\{closure}()
 8 SYSTEMPATH\Common.php(1177): CodeIgniter\View\View->render('layout/content', [], true)
 9 APPPATH\Views\layout\wrapper.php(5): view('layout/content')
10 SYSTEMPATH\View\View.php(213): include('APPPATH\\Views\\layout\\wrapper.php')
11 SYSTEMPATH\View\View.php(216): CodeIgniter\View\View->CodeIgniter\View\{closure}()
12 SYSTEMPATH\Common.php(1177): CodeIgniter\View\View->render('layout/wrapper', [], true)
13 APPPATH\Controllers\Dashboard.php(15): view('layout/wrapper', [...])
14 SYSTEMPATH\CodeIgniter.php(934): App\Controllers\Dashboard->index()
15 SYSTEMPATH\CodeIgniter.php(499): CodeIgniter\CodeIgniter->runController(Object(App\Controllers\Dashboard))
16 SYSTEMPATH\CodeIgniter.php(368): CodeIgniter\CodeIgniter->handleRequest(null, Object(Config\Cache), false)
17 FCPATH\index.php(67): CodeIgniter\CodeIgniter->run()
18 SYSTEMPATH\Commands\Server\rewrite.php(47): require_once('FCPATH\\index.php')
ERROR - 2023-05-14 03:47:05 --> mysqli_sql_exception: Incorrect table definition; there can be only one auto column and it must be defined as a key in C:\xampp2\htdocs\ReservasiBus\system\Database\MySQLi\Connection.php:295
Stack trace:
#0 C:\xampp2\htdocs\ReservasiBus\system\Database\MySQLi\Connection.php(295): mysqli->query('CREATE TABLE `P...', 0)
#1 C:\xampp2\htdocs\ReservasiBus\system\Database\BaseConnection.php(691): CodeIgniter\Database\MySQLi\Connection->execute('CREATE TABLE `P...')
#2 C:\xampp2\htdocs\ReservasiBus\system\Database\BaseConnection.php(605): CodeIgniter\Database\BaseConnection->simpleQuery('CREATE TABLE `P...')
#3 C:\xampp2\htdocs\ReservasiBus\system\Database\Forge.php(546): CodeIgniter\Database\BaseConnection->query('CREATE TABLE `P...')
#4 C:\xampp2\htdocs\ReservasiBus\app\Database\Migrations\2023-05-14-033516_PerusahaanOtobus.php(40): CodeIgniter\Database\Forge->createTable('PerusahaanOtobu...', true)
#5 C:\xampp2\htdocs\ReservasiBus\system\Database\MigrationRunner.php(877): App\Database\Migrations\PerusahaanOtobus->up()
#6 C:\xampp2\htdocs\ReservasiBus\system\Database\MigrationRunner.php(188): CodeIgniter\Database\MigrationRunner->migrate('up', Object(stdClass))
#7 C:\xampp2\htdocs\ReservasiBus\system\Commands\Database\Migrate.php(84): CodeIgniter\Database\MigrationRunner->latest(NULL)
#8 C:\xampp2\htdocs\ReservasiBus\system\CLI\Commands.php(65): CodeIgniter\Commands\Database\Migrate->run(Array)
#9 C:\xampp2\htdocs\ReservasiBus\system\CLI\Console.php(37): CodeIgniter\CLI\Commands->run('migrate', Array)
#10 C:\xampp2\htdocs\ReservasiBus\spark(97): CodeIgniter\CLI\Console->run()
#11 {main}
ERROR - 2023-05-14 03:48:36 --> mysqli_sql_exception: Incorrect table definition; there can be only one auto column and it must be defined as a key in C:\xampp2\htdocs\ReservasiBus\system\Database\MySQLi\Connection.php:295
Stack trace:
#0 C:\xampp2\htdocs\ReservasiBus\system\Database\MySQLi\Connection.php(295): mysqli->query('CREATE TABLE `P...', 0)
#1 C:\xampp2\htdocs\ReservasiBus\system\Database\BaseConnection.php(691): CodeIgniter\Database\MySQLi\Connection->execute('CREATE TABLE `P...')
#2 C:\xampp2\htdocs\ReservasiBus\system\Database\BaseConnection.php(605): CodeIgniter\Database\BaseConnection->simpleQuery('CREATE TABLE `P...')
#3 C:\xampp2\htdocs\ReservasiBus\system\Database\Forge.php(546): CodeIgniter\Database\BaseConnection->query('CREATE TABLE `P...')
#4 C:\xampp2\htdocs\ReservasiBus\app\Database\Migrations\2023-05-14-033516_PerusahaanOtobus.php(40): CodeIgniter\Database\Forge->createTable('PerusahaanOtobu...', true)
#5 C:\xampp2\htdocs\ReservasiBus\system\Database\MigrationRunner.php(877): App\Database\Migrations\PerusahaanOtobus->up()
#6 C:\xampp2\htdocs\ReservasiBus\system\Database\MigrationRunner.php(188): CodeIgniter\Database\MigrationRunner->migrate('up', Object(stdClass))
#7 C:\xampp2\htdocs\ReservasiBus\system\Commands\Database\Migrate.php(84): CodeIgniter\Database\MigrationRunner->latest(NULL)
#8 C:\xampp2\htdocs\ReservasiBus\system\CLI\Commands.php(65): CodeIgniter\Commands\Database\Migrate->run(Array)
#9 C:\xampp2\htdocs\ReservasiBus\system\CLI\Console.php(37): CodeIgniter\CLI\Commands->run('migrate', Array)
#10 C:\xampp2\htdocs\ReservasiBus\spark(97): CodeIgniter\CLI\Console->run()
#11 {main}
ERROR - 2023-05-14 04:05:11 --> mysqli_sql_exception: You have an error in your SQL syntax; check the manual that corresponds to your MariaDB server version for the right syntax to use near '`Saba`) VALUES ('')' at line 1 in C:\xampp2\htdocs\ReservasiBus\system\Database\MySQLi\Connection.php:295
Stack trace:
#0 C:\xampp2\htdocs\ReservasiBus\system\Database\MySQLi\Connection.php(295): mysqli->query('INSERT INTO `us...', 0)
#1 C:\xampp2\htdocs\ReservasiBus\system\Database\BaseConnection.php(691): CodeIgniter\Database\MySQLi\Connection->execute('INSERT INTO `us...')
#2 C:\xampp2\htdocs\ReservasiBus\system\Database\BaseConnection.php(605): CodeIgniter\Database\BaseConnection->simpleQuery('INSERT INTO `us...')
#3 C:\xampp2\htdocs\ReservasiBus\system\Database\BaseBuilder.php(2295): CodeIgniter\Database\BaseConnection->query('INSERT INTO `us...', Array, false)
#4 C:\xampp2\htdocs\ReservasiBus\app\Database\Seeds\User.php(33): CodeIgniter\Database\BaseBuilder->insert('PO. Trans Saba')
#5 C:\xampp2\htdocs\ReservasiBus\system\Database\Seeder.php(146): App\Database\Seeds\User->run()
#6 C:\xampp2\htdocs\ReservasiBus\system\Commands\Database\Seed.php(77): CodeIgniter\Database\Seeder->call('App\\Database\\Se...')
#7 C:\xampp2\htdocs\ReservasiBus\system\CLI\Commands.php(65): CodeIgniter\Commands\Database\Seed->run(Array)
#8 C:\xampp2\htdocs\ReservasiBus\system\CLI\Console.php(37): CodeIgniter\CLI\Commands->run('db:seed', Array)
#9 C:\xampp2\htdocs\ReservasiBus\spark(97): CodeIgniter\CLI\Console->run()
#10 {main}
ERROR - 2023-05-14 04:05:42 --> mysqli_sql_exception: Unknown column 'PO_Trans_Saba' in 'field list' in C:\xampp2\htdocs\ReservasiBus\system\Database\MySQLi\Connection.php:295
Stack trace:
#0 C:\xampp2\htdocs\ReservasiBus\system\Database\MySQLi\Connection.php(295): mysqli->query('INSERT INTO `us...', 0)
#1 C:\xampp2\htdocs\ReservasiBus\system\Database\BaseConnection.php(691): CodeIgniter\Database\MySQLi\Connection->execute('INSERT INTO `us...')
#2 C:\xampp2\htdocs\ReservasiBus\system\Database\BaseConnection.php(605): CodeIgniter\Database\BaseConnection->simpleQuery('INSERT INTO `us...')
#3 C:\xampp2\htdocs\ReservasiBus\system\Database\BaseBuilder.php(2295): CodeIgniter\Database\BaseConnection->query('INSERT INTO `us...', Array, false)
#4 C:\xampp2\htdocs\ReservasiBus\app\Database\Seeds\User.php(33): CodeIgniter\Database\BaseBuilder->insert('PO_Trans_Saba')
#5 C:\xampp2\htdocs\ReservasiBus\system\Database\Seeder.php(146): App\Database\Seeds\User->run()
#6 C:\xampp2\htdocs\ReservasiBus\system\Commands\Database\Seed.php(77): CodeIgniter\Database\Seeder->call('App\\Database\\Se...')
#7 C:\xampp2\htdocs\ReservasiBus\system\CLI\Commands.php(65): CodeIgniter\Commands\Database\Seed->run(Array)
#8 C:\xampp2\htdocs\ReservasiBus\system\CLI\Console.php(37): CodeIgniter\CLI\Commands->run('db:seed', Array)
#9 C:\xampp2\htdocs\ReservasiBus\spark(97): CodeIgniter\CLI\Console->run()
#10 {main}
CRITICAL - 2023-05-14 04:24:11 --> Undefined property: App\Controllers\Reservasi::$db
in APPPATH\Controllers\Reservasi.php on line 14.
 1 APPPATH\Controllers\Reservasi.php(14): CodeIgniter\Debug\Exceptions->errorHandler(2, 'Undefined property: App\\Controllers\\Reservasi::$db', 'APPPATH\\Controllers\\Reservasi.php', 14)
 2 SYSTEMPATH\CodeIgniter.php(934): App\Controllers\Reservasi->index()
 3 SYSTEMPATH\CodeIgniter.php(499): CodeIgniter\CodeIgniter->runController(Object(App\Controllers\Reservasi))
 4 SYSTEMPATH\CodeIgniter.php(368): CodeIgniter\CodeIgniter->handleRequest(null, Object(Config\Cache), false)
 5 FCPATH\index.php(67): CodeIgniter\CodeIgniter->run()
 6 SYSTEMPATH\Commands\Server\rewrite.php(47): require_once('FCPATH\\index.php')
WARNING - 2023-05-14 04:47:13 --> [DEPRECATED] Creation of dynamic property App\Controllers\Login::$ModelUser is deprecated in APPPATH\Controllers\Login.php on line 11.
 1 SYSTEMPATH\CodeIgniter.php(906): App\Controllers\Login->__construct()
 2 SYSTEMPATH\CodeIgniter.php(490): CodeIgniter\CodeIgniter->createController()
 3 SYSTEMPATH\CodeIgniter.php(368): CodeIgniter\CodeIgniter->handleRequest(null, Object(Config\Cache), false)
 4 FCPATH\index.php(67): CodeIgniter\CodeIgniter->run()
 5 SYSTEMPATH\Commands\Server\rewrite.php(47): require_once('FCPATH\\index.php')
INFO - 2023-05-14 04:47:13 --> Session: Class initialized using 'CodeIgniter\Session\Handlers\FileHandler' driver.
