ERROR - 2023-02-08 07:39:47 --> mysqli_sql_exception: You have an error in your SQL syntax; check the manual that corresponds to your MariaDB server version for the right syntax to use near 'NOT NULL,
	CONSTRAINT `pk_kategori` PRIMARY KEY(`kategori_id`)
) DEFAULT CHAR...' at line 3 in C:\xampp2\htdocs\ReservasiBus\system\Database\MySQLi\Connection.php:295
Stack trace:
#0 C:\xampp2\htdocs\ReservasiBus\system\Database\MySQLi\Connection.php(295): mysqli->query('CREATE TABLE `k...', 0)
#1 C:\xampp2\htdocs\ReservasiBus\system\Database\BaseConnection.php(691): CodeIgniter\Database\MySQLi\Connection->execute('CREATE TABLE `k...')
#2 C:\xampp2\htdocs\ReservasiBus\system\Database\BaseConnection.php(605): CodeIgniter\Database\BaseConnection->simpleQuery('CREATE TABLE `k...')
#3 C:\xampp2\htdocs\ReservasiBus\system\Database\Forge.php(546): CodeIgniter\Database\BaseConnection->query('CREATE TABLE `k...')
#4 C:\xampp2\htdocs\ReservasiBus\app\Database\Migrations\2023-02-08-065650_Kategori.php(27): CodeIgniter\Database\Forge->createTable('kategori', true)
#5 C:\xampp2\htdocs\ReservasiBus\system\Database\MigrationRunner.php(877): App\Database\Migrations\Kategori->up()
#6 C:\xampp2\htdocs\ReservasiBus\system\Database\MigrationRunner.php(188): CodeIgniter\Database\MigrationRunner->migrate('up', Object(stdClass))
#7 C:\xampp2\htdocs\ReservasiBus\system\Commands\Database\Migrate.php(84): CodeIgniter\Database\MigrationRunner->latest(NULL)
#8 C:\xampp2\htdocs\ReservasiBus\system\CLI\Commands.php(65): CodeIgniter\Commands\Database\Migrate->run(Array)
#9 C:\xampp2\htdocs\ReservasiBus\system\CLI\Console.php(37): CodeIgniter\CLI\Commands->run('migrate', Array)
#10 C:\xampp2\htdocs\ReservasiBus\spark(97): CodeIgniter\CLI\Console->run()
#11 {main}
CRITICAL - 2023-02-08 09:08:25 --> Invalid file: "pages/dashboard.php"
in SYSTEMPATH\Exceptions\FrameworkException.php on line 33.
 1 SYSTEMPATH\View\View.php(201): CodeIgniter\Exceptions\FrameworkException::forInvalidFile('pages/dashboard.php')
 2 SYSTEMPATH\Common.php(1177): CodeIgniter\View\View->render('pages/dashboard', [], true)
 3 APPPATH\Views\layout\content.php(3): view('pages/dashboard')
 4 SYSTEMPATH\View\View.php(213): include('APPPATH\\Views\\layout\\content.php')
 5 SYSTEMPATH\View\View.php(216): CodeIgniter\View\View->CodeIgniter\View\{closure}()
 6 SYSTEMPATH\Common.php(1177): CodeIgniter\View\View->render('layout/content', [], true)
 7 APPPATH\Views\layout\wrapper.php(5): view('layout/content')
 8 SYSTEMPATH\View\View.php(213): include('APPPATH\\Views\\layout\\wrapper.php')
 9 SYSTEMPATH\View\View.php(216): CodeIgniter\View\View->CodeIgniter\View\{closure}()
10 SYSTEMPATH\Common.php(1177): CodeIgniter\View\View->render('layout/wrapper', [], true)
11 APPPATH\Controllers\Dashboard.php(15): view('layout/wrapper', [...])
12 SYSTEMPATH\CodeIgniter.php(934): App\Controllers\Dashboard->index()
13 SYSTEMPATH\CodeIgniter.php(499): CodeIgniter\CodeIgniter->runController(Object(App\Controllers\Dashboard))
14 SYSTEMPATH\CodeIgniter.php(368): CodeIgniter\CodeIgniter->handleRequest(null, Object(Config\Cache), false)
15 FCPATH\index.php(67): CodeIgniter\CodeIgniter->run()
16 SYSTEMPATH\Commands\Server\rewrite.php(47): require_once('FCPATH\\index.php')
