WARNING - 2023-02-16 20:04:52 --> [DEPRECATED] Creation of dynamic property App\Controllers\Login::$ModelUser is deprecated in APPPATH\Controllers\Login.php on line 11.
 1 SYSTEMPATH\CodeIgniter.php(906): App\Controllers\Login->__construct()
 2 SYSTEMPATH\CodeIgniter.php(490): CodeIgniter\CodeIgniter->createController()
 3 SYSTEMPATH\CodeIgniter.php(368): CodeIgniter\CodeIgniter->handleRequest(null, Object(Config\Cache), false)
 4 FCPATH\index.php(67): CodeIgniter\CodeIgniter->run()
 5 SYSTEMPATH\Commands\Server\rewrite.php(47): require_once('FCPATH\\index.php')
INFO - 2023-02-16 20:04:52 --> Session: Class initialized using 'CodeIgniter\Session\Handlers\FileHandler' driver.
WARNING - 2023-02-16 20:05:08 --> [DEPRECATED] Creation of dynamic property App\Controllers\Login::$ModelUser is deprecated in APPPATH\Controllers\Login.php on line 11.
 1 SYSTEMPATH\CodeIgniter.php(906): App\Controllers\Login->__construct()
 2 SYSTEMPATH\CodeIgniter.php(490): CodeIgniter\CodeIgniter->createController()
 3 SYSTEMPATH\CodeIgniter.php(368): CodeIgniter\CodeIgniter->handleRequest(null, Object(Config\Cache), false)
 4 FCPATH\index.php(67): CodeIgniter\CodeIgniter->run()
 5 SYSTEMPATH\Commands\Server\rewrite.php(47): require_once('FCPATH\\index.php')
INFO - 2023-02-16 20:05:08 --> Session: Class initialized using 'CodeIgniter\Session\Handlers\FileHandler' driver.
WARNING - 2023-02-16 20:05:26 --> [DEPRECATED] Creation of dynamic property App\Controllers\Login::$ModelUser is deprecated in APPPATH\Controllers\Login.php on line 11.
 1 SYSTEMPATH\CodeIgniter.php(906): App\Controllers\Login->__construct()
 2 SYSTEMPATH\CodeIgniter.php(490): CodeIgniter\CodeIgniter->createController()
 3 SYSTEMPATH\CodeIgniter.php(368): CodeIgniter\CodeIgniter->handleRequest(null, Object(Config\Cache), false)
 4 FCPATH\index.php(67): CodeIgniter\CodeIgniter->run()
 5 SYSTEMPATH\Commands\Server\rewrite.php(47): require_once('FCPATH\\index.php')
INFO - 2023-02-16 20:05:26 --> Session: Class initialized using 'CodeIgniter\Session\Handlers\FileHandler' driver.
WARNING - 2023-02-16 20:05:30 --> [DEPRECATED] Creation of dynamic property App\Controllers\Login::$ModelUser is deprecated in APPPATH\Controllers\Login.php on line 11.
 1 SYSTEMPATH\CodeIgniter.php(906): App\Controllers\Login->__construct()
 2 SYSTEMPATH\CodeIgniter.php(490): CodeIgniter\CodeIgniter->createController()
 3 SYSTEMPATH\CodeIgniter.php(368): CodeIgniter\CodeIgniter->handleRequest(null, Object(Config\Cache), false)
 4 FCPATH\index.php(67): CodeIgniter\CodeIgniter->run()
 5 SYSTEMPATH\Commands\Server\rewrite.php(47): require_once('FCPATH\\index.php')
INFO - 2023-02-16 20:05:31 --> Session: Class initialized using 'CodeIgniter\Session\Handlers\FileHandler' driver.
WARNING - 2023-02-16 20:05:31 --> [DEPRECATED] Creation of dynamic property App\Controllers\Login::$ModelUser is deprecated in APPPATH\Controllers\Login.php on line 11.
 1 SYSTEMPATH\CodeIgniter.php(906): App\Controllers\Login->__construct()
 2 SYSTEMPATH\CodeIgniter.php(490): CodeIgniter\CodeIgniter->createController()
 3 SYSTEMPATH\CodeIgniter.php(368): CodeIgniter\CodeIgniter->handleRequest(null, Object(Config\Cache), false)
 4 FCPATH\index.php(67): CodeIgniter\CodeIgniter->run()
 5 SYSTEMPATH\Commands\Server\rewrite.php(47): require_once('FCPATH\\index.php')
INFO - 2023-02-16 20:05:31 --> Session: Class initialized using 'CodeIgniter\Session\Handlers\FileHandler' driver.
WARNING - 2023-02-16 20:05:40 --> [DEPRECATED] Creation of dynamic property App\Controllers\Login::$ModelUser is deprecated in APPPATH\Controllers\Login.php on line 11.
 1 SYSTEMPATH\CodeIgniter.php(906): App\Controllers\Login->__construct()
 2 SYSTEMPATH\CodeIgniter.php(490): CodeIgniter\CodeIgniter->createController()
 3 SYSTEMPATH\CodeIgniter.php(368): CodeIgniter\CodeIgniter->handleRequest(null, Object(Config\Cache), false)
 4 FCPATH\index.php(67): CodeIgniter\CodeIgniter->run()
 5 SYSTEMPATH\Commands\Server\rewrite.php(47): require_once('FCPATH\\index.php')
INFO - 2023-02-16 20:05:40 --> Session: Class initialized using 'CodeIgniter\Session\Handlers\FileHandler' driver.
WARNING - 2023-02-16 20:06:08 --> [DEPRECATED] Creation of dynamic property App\Controllers\Login::$ModelUser is deprecated in APPPATH\Controllers\Login.php on line 11.
 1 SYSTEMPATH\CodeIgniter.php(906): App\Controllers\Login->__construct()
 2 SYSTEMPATH\CodeIgniter.php(490): CodeIgniter\CodeIgniter->createController()
 3 SYSTEMPATH\CodeIgniter.php(368): CodeIgniter\CodeIgniter->handleRequest(null, Object(Config\Cache), false)
 4 FCPATH\index.php(67): CodeIgniter\CodeIgniter->run()
 5 SYSTEMPATH\Commands\Server\rewrite.php(47): require_once('FCPATH\\index.php')
INFO - 2023-02-16 20:06:08 --> Session: Class initialized using 'CodeIgniter\Session\Handlers\FileHandler' driver.
