WARNING - 2023-02-17 02:35:06 --> [DEPRECATED] Creation of dynamic property App\Controllers\Login::$ModelUser is deprecated in APPPATH\Controllers\Login.php on line 11.
 1 SYSTEMPATH\CodeIgniter.php(906): App\Controllers\Login->__construct()
 2 SYSTEMPATH\CodeIgniter.php(490): CodeIgniter\CodeIgniter->createController()
 3 SYSTEMPATH\CodeIgniter.php(368): CodeIgniter\CodeIgniter->handleRequest(null, Object(Config\Cache), false)
 4 FCPATH\index.php(67): CodeIgniter\CodeIgniter->run()
 5 SYSTEMPATH\Commands\Server\rewrite.php(47): require_once('FCPATH\\index.php')
INFO - 2023-02-17 02:35:07 --> Session: Class initialized using 'CodeIgniter\Session\Handlers\FileHandler' driver.
WARNING - 2023-02-17 02:36:36 --> [DEPRECATED] Creation of dynamic property App\Controllers\Login::$ModelUser is deprecated in APPPATH\Controllers\Login.php on line 11.
 1 SYSTEMPATH\CodeIgniter.php(906): App\Controllers\Login->__construct()
 2 SYSTEMPATH\CodeIgniter.php(490): CodeIgniter\CodeIgniter->createController()
 3 SYSTEMPATH\CodeIgniter.php(368): CodeIgniter\CodeIgniter->handleRequest(null, Object(Config\Cache), false)
 4 FCPATH\index.php(67): CodeIgniter\CodeIgniter->run()
 5 SYSTEMPATH\Commands\Server\rewrite.php(47): require_once('FCPATH\\index.php')
INFO - 2023-02-17 02:36:36 --> Session: Class initialized using 'CodeIgniter\Session\Handlers\FileHandler' driver.
WARNING - 2023-02-17 02:36:43 --> [DEPRECATED] Creation of dynamic property App\Controllers\Register::$ModelUser is deprecated in APPPATH\Controllers\Register.php on line 13.
 1 SYSTEMPATH\CodeIgniter.php(906): App\Controllers\Register->__construct()
 2 SYSTEMPATH\CodeIgniter.php(490): CodeIgniter\CodeIgniter->createController()
 3 SYSTEMPATH\CodeIgniter.php(368): CodeIgniter\CodeIgniter->handleRequest(null, Object(Config\Cache), false)
 4 FCPATH\index.php(67): CodeIgniter\CodeIgniter->run()
 5 SYSTEMPATH\Commands\Server\rewrite.php(47): require_once('FCPATH\\index.php')
WARNING - 2023-02-17 02:40:38 --> [DEPRECATED] Creation of dynamic property App\Controllers\Login::$ModelUser is deprecated in APPPATH\Controllers\Login.php on line 11.
 1 SYSTEMPATH\CodeIgniter.php(906): App\Controllers\Login->__construct()
 2 SYSTEMPATH\CodeIgniter.php(490): CodeIgniter\CodeIgniter->createController()
 3 SYSTEMPATH\CodeIgniter.php(368): CodeIgniter\CodeIgniter->handleRequest(null, Object(Config\Cache), false)
 4 FCPATH\index.php(67): CodeIgniter\CodeIgniter->run()
 5 SYSTEMPATH\Commands\Server\rewrite.php(47): require_once('FCPATH\\index.php')
INFO - 2023-02-17 02:40:38 --> Session: Class initialized using 'CodeIgniter\Session\Handlers\FileHandler' driver.
WARNING - 2023-02-17 02:41:25 --> [DEPRECATED] Creation of dynamic property App\Controllers\Login::$ModelUser is deprecated in APPPATH\Controllers\Login.php on line 11.
 1 SYSTEMPATH\CodeIgniter.php(906): App\Controllers\Login->__construct()
 2 SYSTEMPATH\CodeIgniter.php(490): CodeIgniter\CodeIgniter->createController()
 3 SYSTEMPATH\CodeIgniter.php(368): CodeIgniter\CodeIgniter->handleRequest(null, Object(Config\Cache), false)
 4 FCPATH\index.php(67): CodeIgniter\CodeIgniter->run()
 5 SYSTEMPATH\Commands\Server\rewrite.php(47): require_once('FCPATH\\index.php')
INFO - 2023-02-17 02:41:25 --> Session: Class initialized using 'CodeIgniter\Session\Handlers\FileHandler' driver.
WARNING - 2023-02-17 02:50:51 --> [DEPRECATED] Creation of dynamic property App\Controllers\Login::$ModelUser is deprecated in APPPATH\Controllers\Login.php on line 11.
 1 SYSTEMPATH\CodeIgniter.php(906): App\Controllers\Login->__construct()
 2 SYSTEMPATH\CodeIgniter.php(490): CodeIgniter\CodeIgniter->createController()
 3 SYSTEMPATH\CodeIgniter.php(368): CodeIgniter\CodeIgniter->handleRequest(null, Object(Config\Cache), false)
 4 FCPATH\index.php(67): CodeIgniter\CodeIgniter->run()
 5 SYSTEMPATH\Commands\Server\rewrite.php(47): require_once('FCPATH\\index.php')
INFO - 2023-02-17 02:50:51 --> Session: Class initialized using 'CodeIgniter\Session\Handlers\FileHandler' driver.
WARNING - 2023-02-17 02:51:00 --> [DEPRECATED] Creation of dynamic property App\Controllers\Login::$ModelUser is deprecated in APPPATH\Controllers\Login.php on line 11.
 1 SYSTEMPATH\CodeIgniter.php(906): App\Controllers\Login->__construct()
 2 SYSTEMPATH\CodeIgniter.php(490): CodeIgniter\CodeIgniter->createController()
 3 SYSTEMPATH\CodeIgniter.php(368): CodeIgniter\CodeIgniter->handleRequest(null, Object(Config\Cache), false)
 4 FCPATH\index.php(67): CodeIgniter\CodeIgniter->run()
 5 SYSTEMPATH\Commands\Server\rewrite.php(47): require_once('FCPATH\\index.php')
INFO - 2023-02-17 02:51:00 --> Session: Class initialized using 'CodeIgniter\Session\Handlers\FileHandler' driver.
WARNING - 2023-02-17 03:05:05 --> [DEPRECATED] Creation of dynamic property App\Controllers\Login::$ModelUser is deprecated in APPPATH\Controllers\Login.php on line 11.
 1 SYSTEMPATH\CodeIgniter.php(906): App\Controllers\Login->__construct()
 2 SYSTEMPATH\CodeIgniter.php(490): CodeIgniter\CodeIgniter->createController()
 3 SYSTEMPATH\CodeIgniter.php(368): CodeIgniter\CodeIgniter->handleRequest(null, Object(Config\Cache), false)
 4 FCPATH\index.php(67): CodeIgniter\CodeIgniter->run()
 5 SYSTEMPATH\Commands\Server\rewrite.php(47): require_once('FCPATH\\index.php')
INFO - 2023-02-17 03:05:05 --> Session: Class initialized using 'CodeIgniter\Session\Handlers\FileHandler' driver.
