INFO - 2023-03-22 10:30:51 --> Session: Class initialized using 'CodeIgniter\Session\Handlers\FileHandler' driver.
WARNING - 2023-03-22 10:30:51 --> [DEPRECATED] Creation of dynamic property App\Controllers\Login::$ModelUser is deprecated in APPPATH\Controllers\Login.php on line 11.
 1 SYSTEMPATH\CodeIgniter.php(906): App\Controllers\Login->__construct()
 2 SYSTEMPATH\CodeIgniter.php(490): CodeIgniter\CodeIgniter->createController()
 3 SYSTEMPATH\CodeIgniter.php(368): CodeIgniter\CodeIgniter->handleRequest(null, Object(Config\Cache), false)
 4 FCPATH\index.php(67): CodeIgniter\CodeIgniter->run()
 5 SYSTEMPATH\Commands\Server\rewrite.php(47): require_once('FCPATH\\index.php')
INFO - 2023-03-22 10:30:58 --> Session: Class initialized using 'CodeIgniter\Session\Handlers\FileHandler' driver.
WARNING - 2023-03-22 10:30:58 --> [DEPRECATED] Creation of dynamic property App\Controllers\Register::$ModelUser is deprecated in APPPATH\Controllers\Register.php on line 13.
 1 SYSTEMPATH\CodeIgniter.php(906): App\Controllers\Register->__construct()
 2 SYSTEMPATH\CodeIgniter.php(490): CodeIgniter\CodeIgniter->createController()
 3 SYSTEMPATH\CodeIgniter.php(368): CodeIgniter\CodeIgniter->handleRequest(null, Object(Config\Cache), false)
 4 FCPATH\index.php(67): CodeIgniter\CodeIgniter->run()
 5 SYSTEMPATH\Commands\Server\rewrite.php(47): require_once('FCPATH\\index.php')
INFO - 2023-03-22 10:31:12 --> Session: Class initialized using 'CodeIgniter\Session\Handlers\FileHandler' driver.
WARNING - 2023-03-22 10:31:12 --> [DEPRECATED] Creation of dynamic property App\Controllers\Login::$ModelUser is deprecated in APPPATH\Controllers\Login.php on line 11.
 1 SYSTEMPATH\CodeIgniter.php(906): App\Controllers\Login->__construct()
 2 SYSTEMPATH\CodeIgniter.php(490): CodeIgniter\CodeIgniter->createController()
 3 SYSTEMPATH\CodeIgniter.php(368): CodeIgniter\CodeIgniter->handleRequest(null, Object(Config\Cache), false)
 4 FCPATH\index.php(67): CodeIgniter\CodeIgniter->run()
 5 SYSTEMPATH\Commands\Server\rewrite.php(47): require_once('FCPATH\\index.php')
WARNING - 2023-03-22 10:31:19 --> [DEPRECATED] Creation of dynamic property App\Controllers\Login::$ModelUser is deprecated in APPPATH\Controllers\Login.php on line 11.
 1 SYSTEMPATH\CodeIgniter.php(906): App\Controllers\Login->__construct()
 2 SYSTEMPATH\CodeIgniter.php(490): CodeIgniter\CodeIgniter->createController()
 3 SYSTEMPATH\CodeIgniter.php(368): CodeIgniter\CodeIgniter->handleRequest(null, Object(Config\Cache), false)
 4 FCPATH\index.php(67): CodeIgniter\CodeIgniter->run()
 5 SYSTEMPATH\Commands\Server\rewrite.php(47): require_once('FCPATH\\index.php')
INFO - 2023-03-22 10:31:19 --> Session: Class initialized using 'CodeIgniter\Session\Handlers\FileHandler' driver.
INFO - 2023-03-22 10:31:19 --> Session: Class initialized using 'CodeIgniter\Session\Handlers\FileHandler' driver.
WARNING - 2023-03-22 10:31:20 --> [DEPRECATED] ucfirst(): Passing null to parameter #1 ($string) of type string is deprecated in APPPATH\Views\pages\dashboard.php on line 22.
 1 APPPATH\Views\pages\dashboard.php(22): ucfirst(null)
 2 SYSTEMPATH\View\View.php(213): include('APPPATH\\Views\\pages\\dashboard.php')
 3 SYSTEMPATH\View\View.php(216): CodeIgniter\View\View->CodeIgniter\View\{closure}()
 4 SYSTEMPATH\Common.php(1177): CodeIgniter\View\View->render('pages/dashboard', [], true)
 5 APPPATH\Views\layout\content.php(3): view('pages/dashboard')
 6 SYSTEMPATH\View\View.php(213): include('APPPATH\\Views\\layout\\content.php')
 7 SYSTEMPATH\View\View.php(216): CodeIgniter\View\View->CodeIgniter\View\{closure}()
 8 SYSTEMPATH\Common.php(1177): CodeIgniter\View\View->render('layout/content', [], true)
 9 APPPATH\Views\layout\wrapper.php(5): view('layout/content')
10 SYSTEMPATH\View\View.php(213): include('APPPATH\\Views\\layout\\wrapper.php')
11 SYSTEMPATH\View\View.php(216): CodeIgniter\View\View->CodeIgniter\View\{closure}()
12 SYSTEMPATH\Common.php(1177): CodeIgniter\View\View->render('layout/wrapper', [], true)
13 APPPATH\Controllers\Dashboard.php(15): view('layout/wrapper', [...])
14 SYSTEMPATH\CodeIgniter.php(934): App\Controllers\Dashboard->index()
15 SYSTEMPATH\CodeIgniter.php(499): CodeIgniter\CodeIgniter->runController(Object(App\Controllers\Dashboard))
16 SYSTEMPATH\CodeIgniter.php(368): CodeIgniter\CodeIgniter->handleRequest(null, Object(Config\Cache), false)
17 FCPATH\index.php(67): CodeIgniter\CodeIgniter->run()
18 SYSTEMPATH\Commands\Server\rewrite.php(47): require_once('FCPATH\\index.php')
WARNING - 2023-03-22 10:31:20 --> [DEPRECATED] ucfirst(): Passing null to parameter #1 ($string) of type string is deprecated in APPPATH\Views\pages\dashboard.php on line 46.
 1 APPPATH\Views\pages\dashboard.php(46): ucfirst(null)
 2 SYSTEMPATH\View\View.php(213): include('APPPATH\\Views\\pages\\dashboard.php')
 3 SYSTEMPATH\View\View.php(216): CodeIgniter\View\View->CodeIgniter\View\{closure}()
 4 SYSTEMPATH\Common.php(1177): CodeIgniter\View\View->render('pages/dashboard', [], true)
 5 APPPATH\Views\layout\content.php(3): view('pages/dashboard')
 6 SYSTEMPATH\View\View.php(213): include('APPPATH\\Views\\layout\\content.php')
 7 SYSTEMPATH\View\View.php(216): CodeIgniter\View\View->CodeIgniter\View\{closure}()
 8 SYSTEMPATH\Common.php(1177): CodeIgniter\View\View->render('layout/content', [], true)
 9 APPPATH\Views\layout\wrapper.php(5): view('layout/content')
10 SYSTEMPATH\View\View.php(213): include('APPPATH\\Views\\layout\\wrapper.php')
11 SYSTEMPATH\View\View.php(216): CodeIgniter\View\View->CodeIgniter\View\{closure}()
12 SYSTEMPATH\Common.php(1177): CodeIgniter\View\View->render('layout/wrapper', [], true)
13 APPPATH\Controllers\Dashboard.php(15): view('layout/wrapper', [...])
14 SYSTEMPATH\CodeIgniter.php(934): App\Controllers\Dashboard->index()
15 SYSTEMPATH\CodeIgniter.php(499): CodeIgniter\CodeIgniter->runController(Object(App\Controllers\Dashboard))
16 SYSTEMPATH\CodeIgniter.php(368): CodeIgniter\CodeIgniter->handleRequest(null, Object(Config\Cache), false)
17 FCPATH\index.php(67): CodeIgniter\CodeIgniter->run()
18 SYSTEMPATH\Commands\Server\rewrite.php(47): require_once('FCPATH\\index.php')
WARNING - 2023-03-22 10:31:20 --> [DEPRECATED] ucfirst(): Passing null to parameter #1 ($string) of type string is deprecated in APPPATH\Views\pages\dashboard.php on line 56.
 1 APPPATH\Views\pages\dashboard.php(56): ucfirst(null)
 2 SYSTEMPATH\View\View.php(213): include('APPPATH\\Views\\pages\\dashboard.php')
 3 SYSTEMPATH\View\View.php(216): CodeIgniter\View\View->CodeIgniter\View\{closure}()
 4 SYSTEMPATH\Common.php(1177): CodeIgniter\View\View->render('pages/dashboard', [], true)
 5 APPPATH\Views\layout\content.php(3): view('pages/dashboard')
 6 SYSTEMPATH\View\View.php(213): include('APPPATH\\Views\\layout\\content.php')
 7 SYSTEMPATH\View\View.php(216): CodeIgniter\View\View->CodeIgniter\View\{closure}()
 8 SYSTEMPATH\Common.php(1177): CodeIgniter\View\View->render('layout/content', [], true)
 9 APPPATH\Views\layout\wrapper.php(5): view('layout/content')
10 SYSTEMPATH\View\View.php(213): include('APPPATH\\Views\\layout\\wrapper.php')
11 SYSTEMPATH\View\View.php(216): CodeIgniter\View\View->CodeIgniter\View\{closure}()
12 SYSTEMPATH\Common.php(1177): CodeIgniter\View\View->render('layout/wrapper', [], true)
13 APPPATH\Controllers\Dashboard.php(15): view('layout/wrapper', [...])
14 SYSTEMPATH\CodeIgniter.php(934): App\Controllers\Dashboard->index()
15 SYSTEMPATH\CodeIgniter.php(499): CodeIgniter\CodeIgniter->runController(Object(App\Controllers\Dashboard))
16 SYSTEMPATH\CodeIgniter.php(368): CodeIgniter\CodeIgniter->handleRequest(null, Object(Config\Cache), false)
17 FCPATH\index.php(67): CodeIgniter\CodeIgniter->run()
18 SYSTEMPATH\Commands\Server\rewrite.php(47): require_once('FCPATH\\index.php')
INFO - 2023-03-22 10:31:26 --> Session: Class initialized using 'CodeIgniter\Session\Handlers\FileHandler' driver.
WARNING - 2023-03-22 10:31:26 --> [DEPRECATED] ucfirst(): Passing null to parameter #1 ($string) of type string is deprecated in APPPATH\Views\pages\cek_jadwal.php on line 14.
 1 APPPATH\Views\pages\cek_jadwal.php(14): ucfirst(null)
 2 SYSTEMPATH\View\View.php(213): include('APPPATH\\Views\\pages\\cek_jadwal.php')
 3 SYSTEMPATH\View\View.php(216): CodeIgniter\View\View->CodeIgniter\View\{closure}()
 4 SYSTEMPATH\Common.php(1177): CodeIgniter\View\View->render('pages/cek_jadwal', [], true)
 5 APPPATH\Views\layout\content.php(3): view('pages/cek_jadwal')
 6 SYSTEMPATH\View\View.php(213): include('APPPATH\\Views\\layout\\content.php')
 7 SYSTEMPATH\View\View.php(216): CodeIgniter\View\View->CodeIgniter\View\{closure}()
 8 SYSTEMPATH\Common.php(1177): CodeIgniter\View\View->render('layout/content', [], true)
 9 APPPATH\Views\layout\wrapper.php(5): view('layout/content')
10 SYSTEMPATH\View\View.php(213): include('APPPATH\\Views\\layout\\wrapper.php')
11 SYSTEMPATH\View\View.php(216): CodeIgniter\View\View->CodeIgniter\View\{closure}()
12 SYSTEMPATH\Common.php(1177): CodeIgniter\View\View->render('layout/wrapper', [], true)
13 APPPATH\Controllers\CekJadwal.php(15): view('layout/wrapper', [...])
14 SYSTEMPATH\CodeIgniter.php(934): App\Controllers\CekJadwal->index()
15 SYSTEMPATH\CodeIgniter.php(499): CodeIgniter\CodeIgniter->runController(Object(App\Controllers\CekJadwal))
16 SYSTEMPATH\CodeIgniter.php(368): CodeIgniter\CodeIgniter->handleRequest(null, Object(Config\Cache), false)
17 FCPATH\index.php(67): CodeIgniter\CodeIgniter->run()
18 SYSTEMPATH\Commands\Server\rewrite.php(47): require_once('FCPATH\\index.php')
WARNING - 2023-03-22 10:31:26 --> [DEPRECATED] ucfirst(): Passing null to parameter #1 ($string) of type string is deprecated in APPPATH\Views\pages\cek_jadwal.php on line 24.
 1 APPPATH\Views\pages\cek_jadwal.php(24): ucfirst(null)
 2 SYSTEMPATH\View\View.php(213): include('APPPATH\\Views\\pages\\cek_jadwal.php')
 3 SYSTEMPATH\View\View.php(216): CodeIgniter\View\View->CodeIgniter\View\{closure}()
 4 SYSTEMPATH\Common.php(1177): CodeIgniter\View\View->render('pages/cek_jadwal', [], true)
 5 APPPATH\Views\layout\content.php(3): view('pages/cek_jadwal')
 6 SYSTEMPATH\View\View.php(213): include('APPPATH\\Views\\layout\\content.php')
 7 SYSTEMPATH\View\View.php(216): CodeIgniter\View\View->CodeIgniter\View\{closure}()
 8 SYSTEMPATH\Common.php(1177): CodeIgniter\View\View->render('layout/content', [], true)
 9 APPPATH\Views\layout\wrapper.php(5): view('layout/content')
10 SYSTEMPATH\View\View.php(213): include('APPPATH\\Views\\layout\\wrapper.php')
11 SYSTEMPATH\View\View.php(216): CodeIgniter\View\View->CodeIgniter\View\{closure}()
12 SYSTEMPATH\Common.php(1177): CodeIgniter\View\View->render('layout/wrapper', [], true)
13 APPPATH\Controllers\CekJadwal.php(15): view('layout/wrapper', [...])
14 SYSTEMPATH\CodeIgniter.php(934): App\Controllers\CekJadwal->index()
15 SYSTEMPATH\CodeIgniter.php(499): CodeIgniter\CodeIgniter->runController(Object(App\Controllers\CekJadwal))
16 SYSTEMPATH\CodeIgniter.php(368): CodeIgniter\CodeIgniter->handleRequest(null, Object(Config\Cache), false)
17 FCPATH\index.php(67): CodeIgniter\CodeIgniter->run()
18 SYSTEMPATH\Commands\Server\rewrite.php(47): require_once('FCPATH\\index.php')
INFO - 2023-03-22 13:12:35 --> Session: Class initialized using 'CodeIgniter\Session\Handlers\FileHandler' driver.
WARNING - 2023-03-22 13:12:35 --> [DEPRECATED] Creation of dynamic property App\Controllers\Login::$ModelUser is deprecated in APPPATH\Controllers\Login.php on line 11.
 1 SYSTEMPATH\CodeIgniter.php(906): App\Controllers\Login->__construct()
 2 SYSTEMPATH\CodeIgniter.php(490): CodeIgniter\CodeIgniter->createController()
 3 SYSTEMPATH\CodeIgniter.php(368): CodeIgniter\CodeIgniter->handleRequest(null, Object(Config\Cache), false)
 4 FCPATH\index.php(67): CodeIgniter\CodeIgniter->run()
 5 SYSTEMPATH\Commands\Server\rewrite.php(47): require_once('FCPATH\\index.php')
INFO - 2023-03-22 13:13:01 --> Session: Class initialized using 'CodeIgniter\Session\Handlers\FileHandler' driver.
WARNING - 2023-03-22 13:13:01 --> [DEPRECATED] Creation of dynamic property App\Controllers\Register::$ModelUser is deprecated in APPPATH\Controllers\Register.php on line 13.
 1 SYSTEMPATH\CodeIgniter.php(906): App\Controllers\Register->__construct()
 2 SYSTEMPATH\CodeIgniter.php(490): CodeIgniter\CodeIgniter->createController()
 3 SYSTEMPATH\CodeIgniter.php(368): CodeIgniter\CodeIgniter->handleRequest(null, Object(Config\Cache), false)
 4 FCPATH\index.php(67): CodeIgniter\CodeIgniter->run()
 5 SYSTEMPATH\Commands\Server\rewrite.php(47): require_once('FCPATH\\index.php')
INFO - 2023-03-22 13:14:21 --> Session: Class initialized using 'CodeIgniter\Session\Handlers\FileHandler' driver.
WARNING - 2023-03-22 13:14:21 --> [DEPRECATED] Creation of dynamic property App\Controllers\Login::$ModelUser is deprecated in APPPATH\Controllers\Login.php on line 11.
 1 SYSTEMPATH\CodeIgniter.php(906): App\Controllers\Login->__construct()
 2 SYSTEMPATH\CodeIgniter.php(490): CodeIgniter\CodeIgniter->createController()
 3 SYSTEMPATH\CodeIgniter.php(368): CodeIgniter\CodeIgniter->handleRequest(null, Object(Config\Cache), false)
 4 FCPATH\index.php(67): CodeIgniter\CodeIgniter->run()
 5 SYSTEMPATH\Commands\Server\rewrite.php(47): require_once('FCPATH\\index.php')
WARNING - 2023-03-22 13:14:33 --> [DEPRECATED] Creation of dynamic property App\Controllers\Login::$ModelUser is deprecated in APPPATH\Controllers\Login.php on line 11.
 1 SYSTEMPATH\CodeIgniter.php(906): App\Controllers\Login->__construct()
 2 SYSTEMPATH\CodeIgniter.php(490): CodeIgniter\CodeIgniter->createController()
 3 SYSTEMPATH\CodeIgniter.php(368): CodeIgniter\CodeIgniter->handleRequest(null, Object(Config\Cache), false)
 4 FCPATH\index.php(67): CodeIgniter\CodeIgniter->run()
 5 SYSTEMPATH\Commands\Server\rewrite.php(47): require_once('FCPATH\\index.php')
INFO - 2023-03-22 13:14:33 --> Session: Class initialized using 'CodeIgniter\Session\Handlers\FileHandler' driver.
WARNING - 2023-03-22 13:14:33 --> [DEPRECATED] Creation of dynamic property App\Controllers\Login::$ModelUser is deprecated in APPPATH\Controllers\Login.php on line 11.
 1 SYSTEMPATH\CodeIgniter.php(906): App\Controllers\Login->__construct()
 2 SYSTEMPATH\CodeIgniter.php(490): CodeIgniter\CodeIgniter->createController()
 3 SYSTEMPATH\CodeIgniter.php(368): CodeIgniter\CodeIgniter->handleRequest(null, Object(Config\Cache), false)
 4 FCPATH\index.php(67): CodeIgniter\CodeIgniter->run()
 5 SYSTEMPATH\Commands\Server\rewrite.php(47): require_once('FCPATH\\index.php')
INFO - 2023-03-22 13:14:33 --> Session: Class initialized using 'CodeIgniter\Session\Handlers\FileHandler' driver.
INFO - 2023-03-22 13:14:33 --> Session: Class initialized using 'CodeIgniter\Session\Handlers\FileHandler' driver.
WARNING - 2023-03-22 13:14:33 --> [DEPRECATED] ucfirst(): Passing null to parameter #1 ($string) of type string is deprecated in APPPATH\Views\pages\dashboard.php on line 22.
 1 APPPATH\Views\pages\dashboard.php(22): ucfirst(null)
 2 SYSTEMPATH\View\View.php(213): include('APPPATH\\Views\\pages\\dashboard.php')
 3 SYSTEMPATH\View\View.php(216): CodeIgniter\View\View->CodeIgniter\View\{closure}()
 4 SYSTEMPATH\Common.php(1177): CodeIgniter\View\View->render('pages/dashboard', [], true)
 5 APPPATH\Views\layout\content.php(3): view('pages/dashboard')
 6 SYSTEMPATH\View\View.php(213): include('APPPATH\\Views\\layout\\content.php')
 7 SYSTEMPATH\View\View.php(216): CodeIgniter\View\View->CodeIgniter\View\{closure}()
 8 SYSTEMPATH\Common.php(1177): CodeIgniter\View\View->render('layout/content', [], true)
 9 APPPATH\Views\layout\wrapper.php(5): view('layout/content')
10 SYSTEMPATH\View\View.php(213): include('APPPATH\\Views\\layout\\wrapper.php')
11 SYSTEMPATH\View\View.php(216): CodeIgniter\View\View->CodeIgniter\View\{closure}()
12 SYSTEMPATH\Common.php(1177): CodeIgniter\View\View->render('layout/wrapper', [], true)
13 APPPATH\Controllers\Dashboard.php(15): view('layout/wrapper', [...])
14 SYSTEMPATH\CodeIgniter.php(934): App\Controllers\Dashboard->index()
15 SYSTEMPATH\CodeIgniter.php(499): CodeIgniter\CodeIgniter->runController(Object(App\Controllers\Dashboard))
16 SYSTEMPATH\CodeIgniter.php(368): CodeIgniter\CodeIgniter->handleRequest(null, Object(Config\Cache), false)
17 FCPATH\index.php(67): CodeIgniter\CodeIgniter->run()
18 SYSTEMPATH\Commands\Server\rewrite.php(47): require_once('FCPATH\\index.php')
WARNING - 2023-03-22 13:14:33 --> [DEPRECATED] ucfirst(): Passing null to parameter #1 ($string) of type string is deprecated in APPPATH\Views\pages\dashboard.php on line 46.
 1 APPPATH\Views\pages\dashboard.php(46): ucfirst(null)
 2 SYSTEMPATH\View\View.php(213): include('APPPATH\\Views\\pages\\dashboard.php')
 3 SYSTEMPATH\View\View.php(216): CodeIgniter\View\View->CodeIgniter\View\{closure}()
 4 SYSTEMPATH\Common.php(1177): CodeIgniter\View\View->render('pages/dashboard', [], true)
 5 APPPATH\Views\layout\content.php(3): view('pages/dashboard')
 6 SYSTEMPATH\View\View.php(213): include('APPPATH\\Views\\layout\\content.php')
 7 SYSTEMPATH\View\View.php(216): CodeIgniter\View\View->CodeIgniter\View\{closure}()
 8 SYSTEMPATH\Common.php(1177): CodeIgniter\View\View->render('layout/content', [], true)
 9 APPPATH\Views\layout\wrapper.php(5): view('layout/content')
10 SYSTEMPATH\View\View.php(213): include('APPPATH\\Views\\layout\\wrapper.php')
11 SYSTEMPATH\View\View.php(216): CodeIgniter\View\View->CodeIgniter\View\{closure}()
12 SYSTEMPATH\Common.php(1177): CodeIgniter\View\View->render('layout/wrapper', [], true)
13 APPPATH\Controllers\Dashboard.php(15): view('layout/wrapper', [...])
14 SYSTEMPATH\CodeIgniter.php(934): App\Controllers\Dashboard->index()
15 SYSTEMPATH\CodeIgniter.php(499): CodeIgniter\CodeIgniter->runController(Object(App\Controllers\Dashboard))
16 SYSTEMPATH\CodeIgniter.php(368): CodeIgniter\CodeIgniter->handleRequest(null, Object(Config\Cache), false)
17 FCPATH\index.php(67): CodeIgniter\CodeIgniter->run()
18 SYSTEMPATH\Commands\Server\rewrite.php(47): require_once('FCPATH\\index.php')
WARNING - 2023-03-22 13:14:33 --> [DEPRECATED] ucfirst(): Passing null to parameter #1 ($string) of type string is deprecated in APPPATH\Views\pages\dashboard.php on line 56.
 1 APPPATH\Views\pages\dashboard.php(56): ucfirst(null)
 2 SYSTEMPATH\View\View.php(213): include('APPPATH\\Views\\pages\\dashboard.php')
 3 SYSTEMPATH\View\View.php(216): CodeIgniter\View\View->CodeIgniter\View\{closure}()
 4 SYSTEMPATH\Common.php(1177): CodeIgniter\View\View->render('pages/dashboard', [], true)
 5 APPPATH\Views\layout\content.php(3): view('pages/dashboard')
 6 SYSTEMPATH\View\View.php(213): include('APPPATH\\Views\\layout\\content.php')
 7 SYSTEMPATH\View\View.php(216): CodeIgniter\View\View->CodeIgniter\View\{closure}()
 8 SYSTEMPATH\Common.php(1177): CodeIgniter\View\View->render('layout/content', [], true)
 9 APPPATH\Views\layout\wrapper.php(5): view('layout/content')
10 SYSTEMPATH\View\View.php(213): include('APPPATH\\Views\\layout\\wrapper.php')
11 SYSTEMPATH\View\View.php(216): CodeIgniter\View\View->CodeIgniter\View\{closure}()
12 SYSTEMPATH\Common.php(1177): CodeIgniter\View\View->render('layout/wrapper', [], true)
13 APPPATH\Controllers\Dashboard.php(15): view('layout/wrapper', [...])
14 SYSTEMPATH\CodeIgniter.php(934): App\Controllers\Dashboard->index()
15 SYSTEMPATH\CodeIgniter.php(499): CodeIgniter\CodeIgniter->runController(Object(App\Controllers\Dashboard))
16 SYSTEMPATH\CodeIgniter.php(368): CodeIgniter\CodeIgniter->handleRequest(null, Object(Config\Cache), false)
17 FCPATH\index.php(67): CodeIgniter\CodeIgniter->run()
18 SYSTEMPATH\Commands\Server\rewrite.php(47): require_once('FCPATH\\index.php')
INFO - 2023-03-22 13:14:39 --> Session: Class initialized using 'CodeIgniter\Session\Handlers\FileHandler' driver.
WARNING - 2023-03-22 13:14:39 --> [DEPRECATED] ucfirst(): Passing null to parameter #1 ($string) of type string is deprecated in APPPATH\Views\pages\cek_jadwal.php on line 14.
 1 APPPATH\Views\pages\cek_jadwal.php(14): ucfirst(null)
 2 SYSTEMPATH\View\View.php(213): include('APPPATH\\Views\\pages\\cek_jadwal.php')
 3 SYSTEMPATH\View\View.php(216): CodeIgniter\View\View->CodeIgniter\View\{closure}()
 4 SYSTEMPATH\Common.php(1177): CodeIgniter\View\View->render('pages/cek_jadwal', [], true)
 5 APPPATH\Views\layout\content.php(3): view('pages/cek_jadwal')
 6 SYSTEMPATH\View\View.php(213): include('APPPATH\\Views\\layout\\content.php')
 7 SYSTEMPATH\View\View.php(216): CodeIgniter\View\View->CodeIgniter\View\{closure}()
 8 SYSTEMPATH\Common.php(1177): CodeIgniter\View\View->render('layout/content', [], true)
 9 APPPATH\Views\layout\wrapper.php(5): view('layout/content')
10 SYSTEMPATH\View\View.php(213): include('APPPATH\\Views\\layout\\wrapper.php')
11 SYSTEMPATH\View\View.php(216): CodeIgniter\View\View->CodeIgniter\View\{closure}()
12 SYSTEMPATH\Common.php(1177): CodeIgniter\View\View->render('layout/wrapper', [], true)
13 APPPATH\Controllers\CekJadwal.php(15): view('layout/wrapper', [...])
14 SYSTEMPATH\CodeIgniter.php(934): App\Controllers\CekJadwal->index()
15 SYSTEMPATH\CodeIgniter.php(499): CodeIgniter\CodeIgniter->runController(Object(App\Controllers\CekJadwal))
16 SYSTEMPATH\CodeIgniter.php(368): CodeIgniter\CodeIgniter->handleRequest(null, Object(Config\Cache), false)
17 FCPATH\index.php(67): CodeIgniter\CodeIgniter->run()
18 SYSTEMPATH\Commands\Server\rewrite.php(47): require_once('FCPATH\\index.php')
WARNING - 2023-03-22 13:14:39 --> [DEPRECATED] ucfirst(): Passing null to parameter #1 ($string) of type string is deprecated in APPPATH\Views\pages\cek_jadwal.php on line 24.
 1 APPPATH\Views\pages\cek_jadwal.php(24): ucfirst(null)
 2 SYSTEMPATH\View\View.php(213): include('APPPATH\\Views\\pages\\cek_jadwal.php')
 3 SYSTEMPATH\View\View.php(216): CodeIgniter\View\View->CodeIgniter\View\{closure}()
 4 SYSTEMPATH\Common.php(1177): CodeIgniter\View\View->render('pages/cek_jadwal', [], true)
 5 APPPATH\Views\layout\content.php(3): view('pages/cek_jadwal')
 6 SYSTEMPATH\View\View.php(213): include('APPPATH\\Views\\layout\\content.php')
 7 SYSTEMPATH\View\View.php(216): CodeIgniter\View\View->CodeIgniter\View\{closure}()
 8 SYSTEMPATH\Common.php(1177): CodeIgniter\View\View->render('layout/content', [], true)
 9 APPPATH\Views\layout\wrapper.php(5): view('layout/content')
10 SYSTEMPATH\View\View.php(213): include('APPPATH\\Views\\layout\\wrapper.php')
11 SYSTEMPATH\View\View.php(216): CodeIgniter\View\View->CodeIgniter\View\{closure}()
12 SYSTEMPATH\Common.php(1177): CodeIgniter\View\View->render('layout/wrapper', [], true)
13 APPPATH\Controllers\CekJadwal.php(15): view('layout/wrapper', [...])
14 SYSTEMPATH\CodeIgniter.php(934): App\Controllers\CekJadwal->index()
15 SYSTEMPATH\CodeIgniter.php(499): CodeIgniter\CodeIgniter->runController(Object(App\Controllers\CekJadwal))
16 SYSTEMPATH\CodeIgniter.php(368): CodeIgniter\CodeIgniter->handleRequest(null, Object(Config\Cache), false)
17 FCPATH\index.php(67): CodeIgniter\CodeIgniter->run()
18 SYSTEMPATH\Commands\Server\rewrite.php(47): require_once('FCPATH\\index.php')
WARNING - 2023-03-22 13:15:28 --> [DEPRECATED] Creation of dynamic property App\Controllers\Login::$ModelUser is deprecated in APPPATH\Controllers\Login.php on line 11.
 1 SYSTEMPATH\CodeIgniter.php(906): App\Controllers\Login->__construct()
 2 SYSTEMPATH\CodeIgniter.php(490): CodeIgniter\CodeIgniter->createController()
 3 SYSTEMPATH\CodeIgniter.php(368): CodeIgniter\CodeIgniter->handleRequest(null, Object(Config\Cache), false)
 4 FCPATH\index.php(67): CodeIgniter\CodeIgniter->run()
 5 SYSTEMPATH\Commands\Server\rewrite.php(47): require_once('FCPATH\\index.php')
INFO - 2023-03-22 13:15:28 --> Session: Class initialized using 'CodeIgniter\Session\Handlers\FileHandler' driver.
INFO - 2023-03-22 14:45:01 --> Session: Class initialized using 'CodeIgniter\Session\Handlers\FileHandler' driver.
WARNING - 2023-03-22 14:45:01 --> [DEPRECATED] Creation of dynamic property App\Controllers\Login::$ModelUser is deprecated in APPPATH\Controllers\Login.php on line 11.
 1 SYSTEMPATH\CodeIgniter.php(906): App\Controllers\Login->__construct()
 2 SYSTEMPATH\CodeIgniter.php(490): CodeIgniter\CodeIgniter->createController()
 3 SYSTEMPATH\CodeIgniter.php(368): CodeIgniter\CodeIgniter->handleRequest(null, Object(Config\Cache), false)
 4 FCPATH\index.php(67): CodeIgniter\CodeIgniter->run()
 5 SYSTEMPATH\Commands\Server\rewrite.php(47): require_once('FCPATH\\index.php')
INFO - 2023-03-22 14:45:10 --> Session: Class initialized using 'CodeIgniter\Session\Handlers\FileHandler' driver.
WARNING - 2023-03-22 14:45:10 --> [DEPRECATED] Creation of dynamic property App\Controllers\Register::$ModelUser is deprecated in APPPATH\Controllers\Register.php on line 13.
 1 SYSTEMPATH\CodeIgniter.php(906): App\Controllers\Register->__construct()
 2 SYSTEMPATH\CodeIgniter.php(490): CodeIgniter\CodeIgniter->createController()
 3 SYSTEMPATH\CodeIgniter.php(368): CodeIgniter\CodeIgniter->handleRequest(null, Object(Config\Cache), false)
 4 FCPATH\index.php(67): CodeIgniter\CodeIgniter->run()
 5 SYSTEMPATH\Commands\Server\rewrite.php(47): require_once('FCPATH\\index.php')
INFO - 2023-03-22 14:45:21 --> Session: Class initialized using 'CodeIgniter\Session\Handlers\FileHandler' driver.
WARNING - 2023-03-22 14:45:21 --> [DEPRECATED] Creation of dynamic property App\Controllers\Login::$ModelUser is deprecated in APPPATH\Controllers\Login.php on line 11.
 1 SYSTEMPATH\CodeIgniter.php(906): App\Controllers\Login->__construct()
 2 SYSTEMPATH\CodeIgniter.php(490): CodeIgniter\CodeIgniter->createController()
 3 SYSTEMPATH\CodeIgniter.php(368): CodeIgniter\CodeIgniter->handleRequest(null, Object(Config\Cache), false)
 4 FCPATH\index.php(67): CodeIgniter\CodeIgniter->run()
 5 SYSTEMPATH\Commands\Server\rewrite.php(47): require_once('FCPATH\\index.php')
WARNING - 2023-03-22 14:45:31 --> [DEPRECATED] Creation of dynamic property App\Controllers\Login::$ModelUser is deprecated in APPPATH\Controllers\Login.php on line 11.
 1 SYSTEMPATH\CodeIgniter.php(906): App\Controllers\Login->__construct()
 2 SYSTEMPATH\CodeIgniter.php(490): CodeIgniter\CodeIgniter->createController()
 3 SYSTEMPATH\CodeIgniter.php(368): CodeIgniter\CodeIgniter->handleRequest(null, Object(Config\Cache), false)
 4 FCPATH\index.php(67): CodeIgniter\CodeIgniter->run()
 5 SYSTEMPATH\Commands\Server\rewrite.php(47): require_once('FCPATH\\index.php')
INFO - 2023-03-22 14:45:31 --> Session: Class initialized using 'CodeIgniter\Session\Handlers\FileHandler' driver.
INFO - 2023-03-22 14:45:32 --> Session: Class initialized using 'CodeIgniter\Session\Handlers\FileHandler' driver.
WARNING - 2023-03-22 14:45:32 --> [DEPRECATED] ucfirst(): Passing null to parameter #1 ($string) of type string is deprecated in APPPATH\Views\pages\dashboard.php on line 22.
 1 APPPATH\Views\pages\dashboard.php(22): ucfirst(null)
 2 SYSTEMPATH\View\View.php(213): include('APPPATH\\Views\\pages\\dashboard.php')
 3 SYSTEMPATH\View\View.php(216): CodeIgniter\View\View->CodeIgniter\View\{closure}()
 4 SYSTEMPATH\Common.php(1177): CodeIgniter\View\View->render('pages/dashboard', [], true)
 5 APPPATH\Views\layout\content.php(3): view('pages/dashboard')
 6 SYSTEMPATH\View\View.php(213): include('APPPATH\\Views\\layout\\content.php')
 7 SYSTEMPATH\View\View.php(216): CodeIgniter\View\View->CodeIgniter\View\{closure}()
 8 SYSTEMPATH\Common.php(1177): CodeIgniter\View\View->render('layout/content', [], true)
 9 APPPATH\Views\layout\wrapper.php(5): view('layout/content')
10 SYSTEMPATH\View\View.php(213): include('APPPATH\\Views\\layout\\wrapper.php')
11 SYSTEMPATH\View\View.php(216): CodeIgniter\View\View->CodeIgniter\View\{closure}()
12 SYSTEMPATH\Common.php(1177): CodeIgniter\View\View->render('layout/wrapper', [], true)
13 APPPATH\Controllers\Dashboard.php(15): view('layout/wrapper', [...])
14 SYSTEMPATH\CodeIgniter.php(934): App\Controllers\Dashboard->index()
15 SYSTEMPATH\CodeIgniter.php(499): CodeIgniter\CodeIgniter->runController(Object(App\Controllers\Dashboard))
16 SYSTEMPATH\CodeIgniter.php(368): CodeIgniter\CodeIgniter->handleRequest(null, Object(Config\Cache), false)
17 FCPATH\index.php(67): CodeIgniter\CodeIgniter->run()
18 SYSTEMPATH\Commands\Server\rewrite.php(47): require_once('FCPATH\\index.php')
WARNING - 2023-03-22 14:45:32 --> [DEPRECATED] ucfirst(): Passing null to parameter #1 ($string) of type string is deprecated in APPPATH\Views\pages\dashboard.php on line 46.
 1 APPPATH\Views\pages\dashboard.php(46): ucfirst(null)
 2 SYSTEMPATH\View\View.php(213): include('APPPATH\\Views\\pages\\dashboard.php')
 3 SYSTEMPATH\View\View.php(216): CodeIgniter\View\View->CodeIgniter\View\{closure}()
 4 SYSTEMPATH\Common.php(1177): CodeIgniter\View\View->render('pages/dashboard', [], true)
 5 APPPATH\Views\layout\content.php(3): view('pages/dashboard')
 6 SYSTEMPATH\View\View.php(213): include('APPPATH\\Views\\layout\\content.php')
 7 SYSTEMPATH\View\View.php(216): CodeIgniter\View\View->CodeIgniter\View\{closure}()
 8 SYSTEMPATH\Common.php(1177): CodeIgniter\View\View->render('layout/content', [], true)
 9 APPPATH\Views\layout\wrapper.php(5): view('layout/content')
10 SYSTEMPATH\View\View.php(213): include('APPPATH\\Views\\layout\\wrapper.php')
11 SYSTEMPATH\View\View.php(216): CodeIgniter\View\View->CodeIgniter\View\{closure}()
12 SYSTEMPATH\Common.php(1177): CodeIgniter\View\View->render('layout/wrapper', [], true)
13 APPPATH\Controllers\Dashboard.php(15): view('layout/wrapper', [...])
14 SYSTEMPATH\CodeIgniter.php(934): App\Controllers\Dashboard->index()
15 SYSTEMPATH\CodeIgniter.php(499): CodeIgniter\CodeIgniter->runController(Object(App\Controllers\Dashboard))
16 SYSTEMPATH\CodeIgniter.php(368): CodeIgniter\CodeIgniter->handleRequest(null, Object(Config\Cache), false)
17 FCPATH\index.php(67): CodeIgniter\CodeIgniter->run()
18 SYSTEMPATH\Commands\Server\rewrite.php(47): require_once('FCPATH\\index.php')
WARNING - 2023-03-22 14:45:32 --> [DEPRECATED] ucfirst(): Passing null to parameter #1 ($string) of type string is deprecated in APPPATH\Views\pages\dashboard.php on line 56.
 1 APPPATH\Views\pages\dashboard.php(56): ucfirst(null)
 2 SYSTEMPATH\View\View.php(213): include('APPPATH\\Views\\pages\\dashboard.php')
 3 SYSTEMPATH\View\View.php(216): CodeIgniter\View\View->CodeIgniter\View\{closure}()
 4 SYSTEMPATH\Common.php(1177): CodeIgniter\View\View->render('pages/dashboard', [], true)
 5 APPPATH\Views\layout\content.php(3): view('pages/dashboard')
 6 SYSTEMPATH\View\View.php(213): include('APPPATH\\Views\\layout\\content.php')
 7 SYSTEMPATH\View\View.php(216): CodeIgniter\View\View->CodeIgniter\View\{closure}()
 8 SYSTEMPATH\Common.php(1177): CodeIgniter\View\View->render('layout/content', [], true)
 9 APPPATH\Views\layout\wrapper.php(5): view('layout/content')
10 SYSTEMPATH\View\View.php(213): include('APPPATH\\Views\\layout\\wrapper.php')
11 SYSTEMPATH\View\View.php(216): CodeIgniter\View\View->CodeIgniter\View\{closure}()
12 SYSTEMPATH\Common.php(1177): CodeIgniter\View\View->render('layout/wrapper', [], true)
13 APPPATH\Controllers\Dashboard.php(15): view('layout/wrapper', [...])
14 SYSTEMPATH\CodeIgniter.php(934): App\Controllers\Dashboard->index()
15 SYSTEMPATH\CodeIgniter.php(499): CodeIgniter\CodeIgniter->runController(Object(App\Controllers\Dashboard))
16 SYSTEMPATH\CodeIgniter.php(368): CodeIgniter\CodeIgniter->handleRequest(null, Object(Config\Cache), false)
17 FCPATH\index.php(67): CodeIgniter\CodeIgniter->run()
18 SYSTEMPATH\Commands\Server\rewrite.php(47): require_once('FCPATH\\index.php')
WARNING - 2023-03-22 14:45:57 --> [DEPRECATED] Creation of dynamic property App\Controllers\Login::$ModelUser is deprecated in APPPATH\Controllers\Login.php on line 11.
 1 SYSTEMPATH\CodeIgniter.php(906): App\Controllers\Login->__construct()
 2 SYSTEMPATH\CodeIgniter.php(490): CodeIgniter\CodeIgniter->createController()
 3 SYSTEMPATH\CodeIgniter.php(368): CodeIgniter\CodeIgniter->handleRequest(null, Object(Config\Cache), false)
 4 FCPATH\index.php(67): CodeIgniter\CodeIgniter->run()
 5 SYSTEMPATH\Commands\Server\rewrite.php(47): require_once('FCPATH\\index.php')
INFO - 2023-03-22 14:45:57 --> Session: Class initialized using 'CodeIgniter\Session\Handlers\FileHandler' driver.
INFO - 2023-03-22 14:48:31 --> Session: Class initialized using 'CodeIgniter\Session\Handlers\FileHandler' driver.
WARNING - 2023-03-22 14:48:31 --> [DEPRECATED] Creation of dynamic property App\Controllers\Login::$ModelUser is deprecated in APPPATH\Controllers\Login.php on line 11.
 1 SYSTEMPATH\CodeIgniter.php(906): App\Controllers\Login->__construct()
 2 SYSTEMPATH\CodeIgniter.php(490): CodeIgniter\CodeIgniter->createController()
 3 SYSTEMPATH\CodeIgniter.php(368): CodeIgniter\CodeIgniter->handleRequest(null, Object(Config\Cache), false)
 4 FCPATH\index.php(67): CodeIgniter\CodeIgniter->run()
 5 SYSTEMPATH\Commands\Server\rewrite.php(47): require_once('FCPATH\\index.php')
INFO - 2023-03-22 14:48:38 --> Session: Class initialized using 'CodeIgniter\Session\Handlers\FileHandler' driver.
WARNING - 2023-03-22 14:48:38 --> [DEPRECATED] Creation of dynamic property App\Controllers\Register::$ModelUser is deprecated in APPPATH\Controllers\Register.php on line 13.
 1 SYSTEMPATH\CodeIgniter.php(906): App\Controllers\Register->__construct()
 2 SYSTEMPATH\CodeIgniter.php(490): CodeIgniter\CodeIgniter->createController()
 3 SYSTEMPATH\CodeIgniter.php(368): CodeIgniter\CodeIgniter->handleRequest(null, Object(Config\Cache), false)
 4 FCPATH\index.php(67): CodeIgniter\CodeIgniter->run()
 5 SYSTEMPATH\Commands\Server\rewrite.php(47): require_once('FCPATH\\index.php')
WARNING - 2023-03-22 14:49:16 --> [DEPRECATED] Creation of dynamic property App\Controllers\Register::$ModelUser is deprecated in APPPATH\Controllers\Register.php on line 13.
 1 SYSTEMPATH\CodeIgniter.php(906): App\Controllers\Register->__construct()
 2 SYSTEMPATH\CodeIgniter.php(490): CodeIgniter\CodeIgniter->createController()
 3 SYSTEMPATH\CodeIgniter.php(368): CodeIgniter\CodeIgniter->handleRequest(null, Object(Config\Cache), false)
 4 FCPATH\index.php(67): CodeIgniter\CodeIgniter->run()
 5 SYSTEMPATH\Commands\Server\rewrite.php(47): require_once('FCPATH\\index.php')
INFO - 2023-03-22 14:49:16 --> Session: Class initialized using 'CodeIgniter\Session\Handlers\FileHandler' driver.
WARNING - 2023-03-22 14:49:16 --> [DEPRECATED] Creation of dynamic property App\Controllers\Register::$ModelUser is deprecated in APPPATH\Controllers\Register.php on line 13.
 1 SYSTEMPATH\CodeIgniter.php(906): App\Controllers\Register->__construct()
 2 SYSTEMPATH\CodeIgniter.php(490): CodeIgniter\CodeIgniter->createController()
 3 SYSTEMPATH\CodeIgniter.php(368): CodeIgniter\CodeIgniter->handleRequest(null, Object(Config\Cache), false)
 4 FCPATH\index.php(67): CodeIgniter\CodeIgniter->run()
 5 SYSTEMPATH\Commands\Server\rewrite.php(47): require_once('FCPATH\\index.php')
INFO - 2023-03-22 14:49:16 --> Session: Class initialized using 'CodeIgniter\Session\Handlers\FileHandler' driver.
INFO - 2023-03-22 14:49:17 --> Session: Class initialized using 'CodeIgniter\Session\Handlers\FileHandler' driver.
WARNING - 2023-03-22 14:49:17 --> [DEPRECATED] Creation of dynamic property App\Controllers\Login::$ModelUser is deprecated in APPPATH\Controllers\Login.php on line 11.
 1 SYSTEMPATH\CodeIgniter.php(906): App\Controllers\Login->__construct()
 2 SYSTEMPATH\CodeIgniter.php(490): CodeIgniter\CodeIgniter->createController()
 3 SYSTEMPATH\CodeIgniter.php(368): CodeIgniter\CodeIgniter->handleRequest(null, Object(Config\Cache), false)
 4 FCPATH\index.php(67): CodeIgniter\CodeIgniter->run()
 5 SYSTEMPATH\Commands\Server\rewrite.php(47): require_once('FCPATH\\index.php')
WARNING - 2023-03-22 14:49:37 --> [DEPRECATED] Creation of dynamic property App\Controllers\Login::$ModelUser is deprecated in APPPATH\Controllers\Login.php on line 11.
 1 SYSTEMPATH\CodeIgniter.php(906): App\Controllers\Login->__construct()
 2 SYSTEMPATH\CodeIgniter.php(490): CodeIgniter\CodeIgniter->createController()
 3 SYSTEMPATH\CodeIgniter.php(368): CodeIgniter\CodeIgniter->handleRequest(null, Object(Config\Cache), false)
 4 FCPATH\index.php(67): CodeIgniter\CodeIgniter->run()
 5 SYSTEMPATH\Commands\Server\rewrite.php(47): require_once('FCPATH\\index.php')
INFO - 2023-03-22 14:49:37 --> Session: Class initialized using 'CodeIgniter\Session\Handlers\FileHandler' driver.
INFO - 2023-03-22 14:49:37 --> Session: Class initialized using 'CodeIgniter\Session\Handlers\FileHandler' driver.
WARNING - 2023-03-22 14:49:37 --> [DEPRECATED] Creation of dynamic property App\Controllers\Login::$ModelUser is deprecated in APPPATH\Controllers\Login.php on line 11.
 1 SYSTEMPATH\CodeIgniter.php(906): App\Controllers\Login->__construct()
 2 SYSTEMPATH\CodeIgniter.php(490): CodeIgniter\CodeIgniter->createController()
 3 SYSTEMPATH\CodeIgniter.php(368): CodeIgniter\CodeIgniter->handleRequest(null, Object(Config\Cache), false)
 4 FCPATH\index.php(67): CodeIgniter\CodeIgniter->run()
 5 SYSTEMPATH\Commands\Server\rewrite.php(47): require_once('FCPATH\\index.php')
WARNING - 2023-03-22 14:49:45 --> [DEPRECATED] Creation of dynamic property App\Controllers\Login::$ModelUser is deprecated in APPPATH\Controllers\Login.php on line 11.
 1 SYSTEMPATH\CodeIgniter.php(906): App\Controllers\Login->__construct()
 2 SYSTEMPATH\CodeIgniter.php(490): CodeIgniter\CodeIgniter->createController()
 3 SYSTEMPATH\CodeIgniter.php(368): CodeIgniter\CodeIgniter->handleRequest(null, Object(Config\Cache), false)
 4 FCPATH\index.php(67): CodeIgniter\CodeIgniter->run()
 5 SYSTEMPATH\Commands\Server\rewrite.php(47): require_once('FCPATH\\index.php')
INFO - 2023-03-22 14:49:45 --> Session: Class initialized using 'CodeIgniter\Session\Handlers\FileHandler' driver.
INFO - 2023-03-22 14:49:45 --> Session: Class initialized using 'CodeIgniter\Session\Handlers\FileHandler' driver.
WARNING - 2023-03-22 14:49:45 --> [DEPRECATED] Creation of dynamic property App\Controllers\Login::$ModelUser is deprecated in APPPATH\Controllers\Login.php on line 11.
 1 SYSTEMPATH\CodeIgniter.php(906): App\Controllers\Login->__construct()
 2 SYSTEMPATH\CodeIgniter.php(490): CodeIgniter\CodeIgniter->createController()
 3 SYSTEMPATH\CodeIgniter.php(368): CodeIgniter\CodeIgniter->handleRequest(null, Object(Config\Cache), false)
 4 FCPATH\index.php(67): CodeIgniter\CodeIgniter->run()
 5 SYSTEMPATH\Commands\Server\rewrite.php(47): require_once('FCPATH\\index.php')
WARNING - 2023-03-22 14:49:54 --> [DEPRECATED] Creation of dynamic property App\Controllers\Login::$ModelUser is deprecated in APPPATH\Controllers\Login.php on line 11.
 1 SYSTEMPATH\CodeIgniter.php(906): App\Controllers\Login->__construct()
 2 SYSTEMPATH\CodeIgniter.php(490): CodeIgniter\CodeIgniter->createController()
 3 SYSTEMPATH\CodeIgniter.php(368): CodeIgniter\CodeIgniter->handleRequest(null, Object(Config\Cache), false)
 4 FCPATH\index.php(67): CodeIgniter\CodeIgniter->run()
 5 SYSTEMPATH\Commands\Server\rewrite.php(47): require_once('FCPATH\\index.php')
INFO - 2023-03-22 14:49:54 --> Session: Class initialized using 'CodeIgniter\Session\Handlers\FileHandler' driver.
INFO - 2023-03-22 14:49:54 --> Session: Class initialized using 'CodeIgniter\Session\Handlers\FileHandler' driver.
WARNING - 2023-03-22 14:49:54 --> [DEPRECATED] Creation of dynamic property App\Controllers\Login::$ModelUser is deprecated in APPPATH\Controllers\Login.php on line 11.
 1 SYSTEMPATH\CodeIgniter.php(906): App\Controllers\Login->__construct()
 2 SYSTEMPATH\CodeIgniter.php(490): CodeIgniter\CodeIgniter->createController()
 3 SYSTEMPATH\CodeIgniter.php(368): CodeIgniter\CodeIgniter->handleRequest(null, Object(Config\Cache), false)
 4 FCPATH\index.php(67): CodeIgniter\CodeIgniter->run()
 5 SYSTEMPATH\Commands\Server\rewrite.php(47): require_once('FCPATH\\index.php')
WARNING - 2023-03-22 14:51:10 --> [DEPRECATED] Creation of dynamic property App\Controllers\Login::$ModelUser is deprecated in APPPATH\Controllers\Login.php on line 11.
 1 SYSTEMPATH\CodeIgniter.php(906): App\Controllers\Login->__construct()
 2 SYSTEMPATH\CodeIgniter.php(490): CodeIgniter\CodeIgniter->createController()
 3 SYSTEMPATH\CodeIgniter.php(368): CodeIgniter\CodeIgniter->handleRequest(null, Object(Config\Cache), false)
 4 FCPATH\index.php(67): CodeIgniter\CodeIgniter->run()
 5 SYSTEMPATH\Commands\Server\rewrite.php(47): require_once('FCPATH\\index.php')
INFO - 2023-03-22 14:51:10 --> Session: Class initialized using 'CodeIgniter\Session\Handlers\FileHandler' driver.
INFO - 2023-03-22 14:51:10 --> Session: Class initialized using 'CodeIgniter\Session\Handlers\FileHandler' driver.
WARNING - 2023-03-22 14:51:10 --> [DEPRECATED] ucfirst(): Passing null to parameter #1 ($string) of type string is deprecated in APPPATH\Views\pages\dashboard.php on line 22.
 1 APPPATH\Views\pages\dashboard.php(22): ucfirst(null)
 2 SYSTEMPATH\View\View.php(213): include('APPPATH\\Views\\pages\\dashboard.php')
 3 SYSTEMPATH\View\View.php(216): CodeIgniter\View\View->CodeIgniter\View\{closure}()
 4 SYSTEMPATH\Common.php(1177): CodeIgniter\View\View->render('pages/dashboard', [], true)
 5 APPPATH\Views\layout\content.php(3): view('pages/dashboard')
 6 SYSTEMPATH\View\View.php(213): include('APPPATH\\Views\\layout\\content.php')
 7 SYSTEMPATH\View\View.php(216): CodeIgniter\View\View->CodeIgniter\View\{closure}()
 8 SYSTEMPATH\Common.php(1177): CodeIgniter\View\View->render('layout/content', [], true)
 9 APPPATH\Views\layout\wrapper.php(5): view('layout/content')
10 SYSTEMPATH\View\View.php(213): include('APPPATH\\Views\\layout\\wrapper.php')
11 SYSTEMPATH\View\View.php(216): CodeIgniter\View\View->CodeIgniter\View\{closure}()
12 SYSTEMPATH\Common.php(1177): CodeIgniter\View\View->render('layout/wrapper', [], true)
13 APPPATH\Controllers\Dashboard.php(15): view('layout/wrapper', [...])
14 SYSTEMPATH\CodeIgniter.php(934): App\Controllers\Dashboard->index()
15 SYSTEMPATH\CodeIgniter.php(499): CodeIgniter\CodeIgniter->runController(Object(App\Controllers\Dashboard))
16 SYSTEMPATH\CodeIgniter.php(368): CodeIgniter\CodeIgniter->handleRequest(null, Object(Config\Cache), false)
17 FCPATH\index.php(67): CodeIgniter\CodeIgniter->run()
18 SYSTEMPATH\Commands\Server\rewrite.php(47): require_once('FCPATH\\index.php')
WARNING - 2023-03-22 14:51:10 --> [DEPRECATED] ucfirst(): Passing null to parameter #1 ($string) of type string is deprecated in APPPATH\Views\pages\dashboard.php on line 46.
 1 APPPATH\Views\pages\dashboard.php(46): ucfirst(null)
 2 SYSTEMPATH\View\View.php(213): include('APPPATH\\Views\\pages\\dashboard.php')
 3 SYSTEMPATH\View\View.php(216): CodeIgniter\View\View->CodeIgniter\View\{closure}()
 4 SYSTEMPATH\Common.php(1177): CodeIgniter\View\View->render('pages/dashboard', [], true)
 5 APPPATH\Views\layout\content.php(3): view('pages/dashboard')
 6 SYSTEMPATH\View\View.php(213): include('APPPATH\\Views\\layout\\content.php')
 7 SYSTEMPATH\View\View.php(216): CodeIgniter\View\View->CodeIgniter\View\{closure}()
 8 SYSTEMPATH\Common.php(1177): CodeIgniter\View\View->render('layout/content', [], true)
 9 APPPATH\Views\layout\wrapper.php(5): view('layout/content')
10 SYSTEMPATH\View\View.php(213): include('APPPATH\\Views\\layout\\wrapper.php')
11 SYSTEMPATH\View\View.php(216): CodeIgniter\View\View->CodeIgniter\View\{closure}()
12 SYSTEMPATH\Common.php(1177): CodeIgniter\View\View->render('layout/wrapper', [], true)
13 APPPATH\Controllers\Dashboard.php(15): view('layout/wrapper', [...])
14 SYSTEMPATH\CodeIgniter.php(934): App\Controllers\Dashboard->index()
15 SYSTEMPATH\CodeIgniter.php(499): CodeIgniter\CodeIgniter->runController(Object(App\Controllers\Dashboard))
16 SYSTEMPATH\CodeIgniter.php(368): CodeIgniter\CodeIgniter->handleRequest(null, Object(Config\Cache), false)
17 FCPATH\index.php(67): CodeIgniter\CodeIgniter->run()
18 SYSTEMPATH\Commands\Server\rewrite.php(47): require_once('FCPATH\\index.php')
WARNING - 2023-03-22 14:51:10 --> [DEPRECATED] ucfirst(): Passing null to parameter #1 ($string) of type string is deprecated in APPPATH\Views\pages\dashboard.php on line 56.
 1 APPPATH\Views\pages\dashboard.php(56): ucfirst(null)
 2 SYSTEMPATH\View\View.php(213): include('APPPATH\\Views\\pages\\dashboard.php')
 3 SYSTEMPATH\View\View.php(216): CodeIgniter\View\View->CodeIgniter\View\{closure}()
 4 SYSTEMPATH\Common.php(1177): CodeIgniter\View\View->render('pages/dashboard', [], true)
 5 APPPATH\Views\layout\content.php(3): view('pages/dashboard')
 6 SYSTEMPATH\View\View.php(213): include('APPPATH\\Views\\layout\\content.php')
 7 SYSTEMPATH\View\View.php(216): CodeIgniter\View\View->CodeIgniter\View\{closure}()
 8 SYSTEMPATH\Common.php(1177): CodeIgniter\View\View->render('layout/content', [], true)
 9 APPPATH\Views\layout\wrapper.php(5): view('layout/content')
10 SYSTEMPATH\View\View.php(213): include('APPPATH\\Views\\layout\\wrapper.php')
11 SYSTEMPATH\View\View.php(216): CodeIgniter\View\View->CodeIgniter\View\{closure}()
12 SYSTEMPATH\Common.php(1177): CodeIgniter\View\View->render('layout/wrapper', [], true)
13 APPPATH\Controllers\Dashboard.php(15): view('layout/wrapper', [...])
14 SYSTEMPATH\CodeIgniter.php(934): App\Controllers\Dashboard->index()
15 SYSTEMPATH\CodeIgniter.php(499): CodeIgniter\CodeIgniter->runController(Object(App\Controllers\Dashboard))
16 SYSTEMPATH\CodeIgniter.php(368): CodeIgniter\CodeIgniter->handleRequest(null, Object(Config\Cache), false)
17 FCPATH\index.php(67): CodeIgniter\CodeIgniter->run()
18 SYSTEMPATH\Commands\Server\rewrite.php(47): require_once('FCPATH\\index.php')
WARNING - 2023-03-22 14:51:19 --> [DEPRECATED] Creation of dynamic property App\Controllers\Login::$ModelUser is deprecated in APPPATH\Controllers\Login.php on line 11.
 1 SYSTEMPATH\CodeIgniter.php(906): App\Controllers\Login->__construct()
 2 SYSTEMPATH\CodeIgniter.php(490): CodeIgniter\CodeIgniter->createController()
 3 SYSTEMPATH\CodeIgniter.php(368): CodeIgniter\CodeIgniter->handleRequest(null, Object(Config\Cache), false)
 4 FCPATH\index.php(67): CodeIgniter\CodeIgniter->run()
 5 SYSTEMPATH\Commands\Server\rewrite.php(47): require_once('FCPATH\\index.php')
INFO - 2023-03-22 14:51:19 --> Session: Class initialized using 'CodeIgniter\Session\Handlers\FileHandler' driver.
INFO - 2023-03-22 14:53:15 --> Session: Class initialized using 'CodeIgniter\Session\Handlers\FileHandler' driver.
WARNING - 2023-03-22 14:53:15 --> [DEPRECATED] Creation of dynamic property App\Controllers\Login::$ModelUser is deprecated in APPPATH\Controllers\Login.php on line 11.
 1 SYSTEMPATH\CodeIgniter.php(906): App\Controllers\Login->__construct()
 2 SYSTEMPATH\CodeIgniter.php(490): CodeIgniter\CodeIgniter->createController()
 3 SYSTEMPATH\CodeIgniter.php(368): CodeIgniter\CodeIgniter->handleRequest(null, Object(Config\Cache), false)
 4 FCPATH\index.php(67): CodeIgniter\CodeIgniter->run()
 5 SYSTEMPATH\Commands\Server\rewrite.php(47): require_once('FCPATH\\index.php')
INFO - 2023-03-22 14:53:23 --> Session: Class initialized using 'CodeIgniter\Session\Handlers\FileHandler' driver.
WARNING - 2023-03-22 14:53:23 --> [DEPRECATED] Creation of dynamic property App\Controllers\Register::$ModelUser is deprecated in APPPATH\Controllers\Register.php on line 13.
 1 SYSTEMPATH\CodeIgniter.php(906): App\Controllers\Register->__construct()
 2 SYSTEMPATH\CodeIgniter.php(490): CodeIgniter\CodeIgniter->createController()
 3 SYSTEMPATH\CodeIgniter.php(368): CodeIgniter\CodeIgniter->handleRequest(null, Object(Config\Cache), false)
 4 FCPATH\index.php(67): CodeIgniter\CodeIgniter->run()
 5 SYSTEMPATH\Commands\Server\rewrite.php(47): require_once('FCPATH\\index.php')
WARNING - 2023-03-22 14:54:01 --> [DEPRECATED] Creation of dynamic property App\Controllers\Register::$ModelUser is deprecated in APPPATH\Controllers\Register.php on line 13.
 1 SYSTEMPATH\CodeIgniter.php(906): App\Controllers\Register->__construct()
 2 SYSTEMPATH\CodeIgniter.php(490): CodeIgniter\CodeIgniter->createController()
 3 SYSTEMPATH\CodeIgniter.php(368): CodeIgniter\CodeIgniter->handleRequest(null, Object(Config\Cache), false)
 4 FCPATH\index.php(67): CodeIgniter\CodeIgniter->run()
 5 SYSTEMPATH\Commands\Server\rewrite.php(47): require_once('FCPATH\\index.php')
INFO - 2023-03-22 14:54:01 --> Session: Class initialized using 'CodeIgniter\Session\Handlers\FileHandler' driver.
INFO - 2023-03-22 14:54:01 --> Session: Class initialized using 'CodeIgniter\Session\Handlers\FileHandler' driver.
WARNING - 2023-03-22 14:54:01 --> [DEPRECATED] Creation of dynamic property App\Controllers\Login::$ModelUser is deprecated in APPPATH\Controllers\Login.php on line 11.
 1 SYSTEMPATH\CodeIgniter.php(906): App\Controllers\Login->__construct()
 2 SYSTEMPATH\CodeIgniter.php(490): CodeIgniter\CodeIgniter->createController()
 3 SYSTEMPATH\CodeIgniter.php(368): CodeIgniter\CodeIgniter->handleRequest(null, Object(Config\Cache), false)
 4 FCPATH\index.php(67): CodeIgniter\CodeIgniter->run()
 5 SYSTEMPATH\Commands\Server\rewrite.php(47): require_once('FCPATH\\index.php')
WARNING - 2023-03-22 14:54:16 --> [DEPRECATED] Creation of dynamic property App\Controllers\Login::$ModelUser is deprecated in APPPATH\Controllers\Login.php on line 11.
 1 SYSTEMPATH\CodeIgniter.php(906): App\Controllers\Login->__construct()
 2 SYSTEMPATH\CodeIgniter.php(490): CodeIgniter\CodeIgniter->createController()
 3 SYSTEMPATH\CodeIgniter.php(368): CodeIgniter\CodeIgniter->handleRequest(null, Object(Config\Cache), false)
 4 FCPATH\index.php(67): CodeIgniter\CodeIgniter->run()
 5 SYSTEMPATH\Commands\Server\rewrite.php(47): require_once('FCPATH\\index.php')
INFO - 2023-03-22 14:54:17 --> Session: Class initialized using 'CodeIgniter\Session\Handlers\FileHandler' driver.
INFO - 2023-03-22 14:54:17 --> Session: Class initialized using 'CodeIgniter\Session\Handlers\FileHandler' driver.
WARNING - 2023-03-22 14:54:17 --> [DEPRECATED] ucfirst(): Passing null to parameter #1 ($string) of type string is deprecated in APPPATH\Views\pages\dashboard.php on line 22.
 1 APPPATH\Views\pages\dashboard.php(22): ucfirst(null)
 2 SYSTEMPATH\View\View.php(213): include('APPPATH\\Views\\pages\\dashboard.php')
 3 SYSTEMPATH\View\View.php(216): CodeIgniter\View\View->CodeIgniter\View\{closure}()
 4 SYSTEMPATH\Common.php(1177): CodeIgniter\View\View->render('pages/dashboard', [], true)
 5 APPPATH\Views\layout\content.php(3): view('pages/dashboard')
 6 SYSTEMPATH\View\View.php(213): include('APPPATH\\Views\\layout\\content.php')
 7 SYSTEMPATH\View\View.php(216): CodeIgniter\View\View->CodeIgniter\View\{closure}()
 8 SYSTEMPATH\Common.php(1177): CodeIgniter\View\View->render('layout/content', [], true)
 9 APPPATH\Views\layout\wrapper.php(5): view('layout/content')
10 SYSTEMPATH\View\View.php(213): include('APPPATH\\Views\\layout\\wrapper.php')
11 SYSTEMPATH\View\View.php(216): CodeIgniter\View\View->CodeIgniter\View\{closure}()
12 SYSTEMPATH\Common.php(1177): CodeIgniter\View\View->render('layout/wrapper', [], true)
13 APPPATH\Controllers\Dashboard.php(15): view('layout/wrapper', [...])
14 SYSTEMPATH\CodeIgniter.php(934): App\Controllers\Dashboard->index()
15 SYSTEMPATH\CodeIgniter.php(499): CodeIgniter\CodeIgniter->runController(Object(App\Controllers\Dashboard))
16 SYSTEMPATH\CodeIgniter.php(368): CodeIgniter\CodeIgniter->handleRequest(null, Object(Config\Cache), false)
17 FCPATH\index.php(67): CodeIgniter\CodeIgniter->run()
18 SYSTEMPATH\Commands\Server\rewrite.php(47): require_once('FCPATH\\index.php')
WARNING - 2023-03-22 14:54:17 --> [DEPRECATED] ucfirst(): Passing null to parameter #1 ($string) of type string is deprecated in APPPATH\Views\pages\dashboard.php on line 46.
 1 APPPATH\Views\pages\dashboard.php(46): ucfirst(null)
 2 SYSTEMPATH\View\View.php(213): include('APPPATH\\Views\\pages\\dashboard.php')
 3 SYSTEMPATH\View\View.php(216): CodeIgniter\View\View->CodeIgniter\View\{closure}()
 4 SYSTEMPATH\Common.php(1177): CodeIgniter\View\View->render('pages/dashboard', [], true)
 5 APPPATH\Views\layout\content.php(3): view('pages/dashboard')
 6 SYSTEMPATH\View\View.php(213): include('APPPATH\\Views\\layout\\content.php')
 7 SYSTEMPATH\View\View.php(216): CodeIgniter\View\View->CodeIgniter\View\{closure}()
 8 SYSTEMPATH\Common.php(1177): CodeIgniter\View\View->render('layout/content', [], true)
 9 APPPATH\Views\layout\wrapper.php(5): view('layout/content')
10 SYSTEMPATH\View\View.php(213): include('APPPATH\\Views\\layout\\wrapper.php')
11 SYSTEMPATH\View\View.php(216): CodeIgniter\View\View->CodeIgniter\View\{closure}()
12 SYSTEMPATH\Common.php(1177): CodeIgniter\View\View->render('layout/wrapper', [], true)
13 APPPATH\Controllers\Dashboard.php(15): view('layout/wrapper', [...])
14 SYSTEMPATH\CodeIgniter.php(934): App\Controllers\Dashboard->index()
15 SYSTEMPATH\CodeIgniter.php(499): CodeIgniter\CodeIgniter->runController(Object(App\Controllers\Dashboard))
16 SYSTEMPATH\CodeIgniter.php(368): CodeIgniter\CodeIgniter->handleRequest(null, Object(Config\Cache), false)
17 FCPATH\index.php(67): CodeIgniter\CodeIgniter->run()
18 SYSTEMPATH\Commands\Server\rewrite.php(47): require_once('FCPATH\\index.php')
WARNING - 2023-03-22 14:54:17 --> [DEPRECATED] ucfirst(): Passing null to parameter #1 ($string) of type string is deprecated in APPPATH\Views\pages\dashboard.php on line 56.
 1 APPPATH\Views\pages\dashboard.php(56): ucfirst(null)
 2 SYSTEMPATH\View\View.php(213): include('APPPATH\\Views\\pages\\dashboard.php')
 3 SYSTEMPATH\View\View.php(216): CodeIgniter\View\View->CodeIgniter\View\{closure}()
 4 SYSTEMPATH\Common.php(1177): CodeIgniter\View\View->render('pages/dashboard', [], true)
 5 APPPATH\Views\layout\content.php(3): view('pages/dashboard')
 6 SYSTEMPATH\View\View.php(213): include('APPPATH\\Views\\layout\\content.php')
 7 SYSTEMPATH\View\View.php(216): CodeIgniter\View\View->CodeIgniter\View\{closure}()
 8 SYSTEMPATH\Common.php(1177): CodeIgniter\View\View->render('layout/content', [], true)
 9 APPPATH\Views\layout\wrapper.php(5): view('layout/content')
10 SYSTEMPATH\View\View.php(213): include('APPPATH\\Views\\layout\\wrapper.php')
11 SYSTEMPATH\View\View.php(216): CodeIgniter\View\View->CodeIgniter\View\{closure}()
12 SYSTEMPATH\Common.php(1177): CodeIgniter\View\View->render('layout/wrapper', [], true)
13 APPPATH\Controllers\Dashboard.php(15): view('layout/wrapper', [...])
14 SYSTEMPATH\CodeIgniter.php(934): App\Controllers\Dashboard->index()
15 SYSTEMPATH\CodeIgniter.php(499): CodeIgniter\CodeIgniter->runController(Object(App\Controllers\Dashboard))
16 SYSTEMPATH\CodeIgniter.php(368): CodeIgniter\CodeIgniter->handleRequest(null, Object(Config\Cache), false)
17 FCPATH\index.php(67): CodeIgniter\CodeIgniter->run()
18 SYSTEMPATH\Commands\Server\rewrite.php(47): require_once('FCPATH\\index.php')
WARNING - 2023-03-22 15:00:53 --> [DEPRECATED] Creation of dynamic property App\Controllers\Login::$ModelUser is deprecated in APPPATH\Controllers\Login.php on line 11.
 1 SYSTEMPATH\CodeIgniter.php(906): App\Controllers\Login->__construct()
 2 SYSTEMPATH\CodeIgniter.php(490): CodeIgniter\CodeIgniter->createController()
 3 SYSTEMPATH\CodeIgniter.php(368): CodeIgniter\CodeIgniter->handleRequest(null, Object(Config\Cache), false)
 4 FCPATH\index.php(67): CodeIgniter\CodeIgniter->run()
 5 SYSTEMPATH\Commands\Server\rewrite.php(47): require_once('FCPATH\\index.php')
INFO - 2023-03-22 15:00:53 --> Session: Class initialized using 'CodeIgniter\Session\Handlers\FileHandler' driver.
