INFO - 2023-03-01 14:34:46 --> Session: Class initialized using 'CodeIgniter\Session\Handlers\FileHandler' driver.
WARNING - 2023-03-01 14:34:47 --> [DEPRECATED] Creation of dynamic property App\Controllers\Login::$ModelUser is deprecated in APPPATH\Controllers\Login.php on line 11.
 1 SYSTEMPATH\CodeIgniter.php(906): App\Controllers\Login->__construct()
 2 SYSTEMPATH\CodeIgniter.php(490): CodeIgniter\CodeIgniter->createController()
 3 SYSTEMPATH\CodeIgniter.php(368): CodeIgniter\CodeIgniter->handleRequest(null, Object(Config\Cache), false)
 4 FCPATH\index.php(67): CodeIgniter\CodeIgniter->run()
 5 SYSTEMPATH\Commands\Server\rewrite.php(47): require_once('FCPATH\\index.php')
WARNING - 2023-03-01 14:34:57 --> [DEPRECATED] Creation of dynamic property App\Controllers\Login::$ModelUser is deprecated in APPPATH\Controllers\Login.php on line 11.
 1 SYSTEMPATH\CodeIgniter.php(906): App\Controllers\Login->__construct()
 2 SYSTEMPATH\CodeIgniter.php(490): CodeIgniter\CodeIgniter->createController()
 3 SYSTEMPATH\CodeIgniter.php(368): CodeIgniter\CodeIgniter->handleRequest(null, Object(Config\Cache), false)
 4 FCPATH\index.php(67): CodeIgniter\CodeIgniter->run()
 5 SYSTEMPATH\Commands\Server\rewrite.php(47): require_once('FCPATH\\index.php')
INFO - 2023-03-01 14:34:57 --> Session: Class initialized using 'CodeIgniter\Session\Handlers\FileHandler' driver.
INFO - 2023-03-01 14:34:57 --> Session: Class initialized using 'CodeIgniter\Session\Handlers\FileHandler' driver.
WARNING - 2023-03-01 14:34:57 --> [DEPRECATED] ucfirst(): Passing null to parameter #1 ($string) of type string is deprecated in APPPATH\Views\pages\dashboard.php on line 22.
 1 APPPATH\Views\pages\dashboard.php(22): ucfirst(null)
 2 SYSTEMPATH\View\View.php(213): include('APPPATH\\Views\\pages\\dashboard.php')
 3 SYSTEMPATH\View\View.php(216): CodeIgniter\View\View->CodeIgniter\View\{closure}()
 4 SYSTEMPATH\Common.php(1177): CodeIgniter\View\View->render('pages/dashboard', [], true)
 5 APPPATH\Views\layout\content.php(3): view('pages/dashboard')
 6 SYSTEMPATH\View\View.php(213): include('APPPATH\\Views\\layout\\content.php')
 7 SYSTEMPATH\View\View.php(216): CodeIgniter\View\View->CodeIgniter\View\{closure}()
 8 SYSTEMPATH\Common.php(1177): CodeIgniter\View\View->render('layout/content', [], true)
 9 APPPATH\Views\layout\wrapper.php(5): view('layout/content')
10 SYSTEMPATH\View\View.php(213): include('APPPATH\\Views\\layout\\wrapper.php')
11 SYSTEMPATH\View\View.php(216): CodeIgniter\View\View->CodeIgniter\View\{closure}()
12 SYSTEMPATH\Common.php(1177): CodeIgniter\View\View->render('layout/wrapper', [], true)
13 APPPATH\Controllers\Dashboard.php(15): view('layout/wrapper', [...])
14 SYSTEMPATH\CodeIgniter.php(934): App\Controllers\Dashboard->index()
15 SYSTEMPATH\CodeIgniter.php(499): CodeIgniter\CodeIgniter->runController(Object(App\Controllers\Dashboard))
16 SYSTEMPATH\CodeIgniter.php(368): CodeIgniter\CodeIgniter->handleRequest(null, Object(Config\Cache), false)
17 FCPATH\index.php(67): CodeIgniter\CodeIgniter->run()
18 SYSTEMPATH\Commands\Server\rewrite.php(47): require_once('FCPATH\\index.php')
WARNING - 2023-03-01 14:34:57 --> [DEPRECATED] ucfirst(): Passing null to parameter #1 ($string) of type string is deprecated in APPPATH\Views\pages\dashboard.php on line 46.
 1 APPPATH\Views\pages\dashboard.php(46): ucfirst(null)
 2 SYSTEMPATH\View\View.php(213): include('APPPATH\\Views\\pages\\dashboard.php')
 3 SYSTEMPATH\View\View.php(216): CodeIgniter\View\View->CodeIgniter\View\{closure}()
 4 SYSTEMPATH\Common.php(1177): CodeIgniter\View\View->render('pages/dashboard', [], true)
 5 APPPATH\Views\layout\content.php(3): view('pages/dashboard')
 6 SYSTEMPATH\View\View.php(213): include('APPPATH\\Views\\layout\\content.php')
 7 SYSTEMPATH\View\View.php(216): CodeIgniter\View\View->CodeIgniter\View\{closure}()
 8 SYSTEMPATH\Common.php(1177): CodeIgniter\View\View->render('layout/content', [], true)
 9 APPPATH\Views\layout\wrapper.php(5): view('layout/content')
10 SYSTEMPATH\View\View.php(213): include('APPPATH\\Views\\layout\\wrapper.php')
11 SYSTEMPATH\View\View.php(216): CodeIgniter\View\View->CodeIgniter\View\{closure}()
12 SYSTEMPATH\Common.php(1177): CodeIgniter\View\View->render('layout/wrapper', [], true)
13 APPPATH\Controllers\Dashboard.php(15): view('layout/wrapper', [...])
14 SYSTEMPATH\CodeIgniter.php(934): App\Controllers\Dashboard->index()
15 SYSTEMPATH\CodeIgniter.php(499): CodeIgniter\CodeIgniter->runController(Object(App\Controllers\Dashboard))
16 SYSTEMPATH\CodeIgniter.php(368): CodeIgniter\CodeIgniter->handleRequest(null, Object(Config\Cache), false)
17 FCPATH\index.php(67): CodeIgniter\CodeIgniter->run()
18 SYSTEMPATH\Commands\Server\rewrite.php(47): require_once('FCPATH\\index.php')
WARNING - 2023-03-01 14:34:57 --> [DEPRECATED] ucfirst(): Passing null to parameter #1 ($string) of type string is deprecated in APPPATH\Views\pages\dashboard.php on line 56.
 1 APPPATH\Views\pages\dashboard.php(56): ucfirst(null)
 2 SYSTEMPATH\View\View.php(213): include('APPPATH\\Views\\pages\\dashboard.php')
 3 SYSTEMPATH\View\View.php(216): CodeIgniter\View\View->CodeIgniter\View\{closure}()
 4 SYSTEMPATH\Common.php(1177): CodeIgniter\View\View->render('pages/dashboard', [], true)
 5 APPPATH\Views\layout\content.php(3): view('pages/dashboard')
 6 SYSTEMPATH\View\View.php(213): include('APPPATH\\Views\\layout\\content.php')
 7 SYSTEMPATH\View\View.php(216): CodeIgniter\View\View->CodeIgniter\View\{closure}()
 8 SYSTEMPATH\Common.php(1177): CodeIgniter\View\View->render('layout/content', [], true)
 9 APPPATH\Views\layout\wrapper.php(5): view('layout/content')
10 SYSTEMPATH\View\View.php(213): include('APPPATH\\Views\\layout\\wrapper.php')
11 SYSTEMPATH\View\View.php(216): CodeIgniter\View\View->CodeIgniter\View\{closure}()
12 SYSTEMPATH\Common.php(1177): CodeIgniter\View\View->render('layout/wrapper', [], true)
13 APPPATH\Controllers\Dashboard.php(15): view('layout/wrapper', [...])
14 SYSTEMPATH\CodeIgniter.php(934): App\Controllers\Dashboard->index()
15 SYSTEMPATH\CodeIgniter.php(499): CodeIgniter\CodeIgniter->runController(Object(App\Controllers\Dashboard))
16 SYSTEMPATH\CodeIgniter.php(368): CodeIgniter\CodeIgniter->handleRequest(null, Object(Config\Cache), false)
17 FCPATH\index.php(67): CodeIgniter\CodeIgniter->run()
18 SYSTEMPATH\Commands\Server\rewrite.php(47): require_once('FCPATH\\index.php')
INFO - 2023-03-01 14:35:08 --> Session: Class initialized using 'CodeIgniter\Session\Handlers\FileHandler' driver.
WARNING - 2023-03-01 14:35:08 --> [DEPRECATED] ucfirst(): Passing null to parameter #1 ($string) of type string is deprecated in APPPATH\Views\pages\dashboard.php on line 22.
 1 APPPATH\Views\pages\dashboard.php(22): ucfirst(null)
 2 SYSTEMPATH\View\View.php(213): include('APPPATH\\Views\\pages\\dashboard.php')
 3 SYSTEMPATH\View\View.php(216): CodeIgniter\View\View->CodeIgniter\View\{closure}()
 4 SYSTEMPATH\Common.php(1177): CodeIgniter\View\View->render('pages/dashboard', [], true)
 5 APPPATH\Views\layout\content.php(3): view('pages/dashboard')
 6 SYSTEMPATH\View\View.php(213): include('APPPATH\\Views\\layout\\content.php')
 7 SYSTEMPATH\View\View.php(216): CodeIgniter\View\View->CodeIgniter\View\{closure}()
 8 SYSTEMPATH\Common.php(1177): CodeIgniter\View\View->render('layout/content', [], true)
 9 APPPATH\Views\layout\wrapper.php(5): view('layout/content')
10 SYSTEMPATH\View\View.php(213): include('APPPATH\\Views\\layout\\wrapper.php')
11 SYSTEMPATH\View\View.php(216): CodeIgniter\View\View->CodeIgniter\View\{closure}()
12 SYSTEMPATH\Common.php(1177): CodeIgniter\View\View->render('layout/wrapper', [], true)
13 APPPATH\Controllers\Dashboard.php(15): view('layout/wrapper', [...])
14 SYSTEMPATH\CodeIgniter.php(934): App\Controllers\Dashboard->index()
15 SYSTEMPATH\CodeIgniter.php(499): CodeIgniter\CodeIgniter->runController(Object(App\Controllers\Dashboard))
16 SYSTEMPATH\CodeIgniter.php(368): CodeIgniter\CodeIgniter->handleRequest(null, Object(Config\Cache), false)
17 FCPATH\index.php(67): CodeIgniter\CodeIgniter->run()
18 SYSTEMPATH\Commands\Server\rewrite.php(47): require_once('FCPATH\\index.php')
WARNING - 2023-03-01 14:35:08 --> [DEPRECATED] ucfirst(): Passing null to parameter #1 ($string) of type string is deprecated in APPPATH\Views\pages\dashboard.php on line 46.
 1 APPPATH\Views\pages\dashboard.php(46): ucfirst(null)
 2 SYSTEMPATH\View\View.php(213): include('APPPATH\\Views\\pages\\dashboard.php')
 3 SYSTEMPATH\View\View.php(216): CodeIgniter\View\View->CodeIgniter\View\{closure}()
 4 SYSTEMPATH\Common.php(1177): CodeIgniter\View\View->render('pages/dashboard', [], true)
 5 APPPATH\Views\layout\content.php(3): view('pages/dashboard')
 6 SYSTEMPATH\View\View.php(213): include('APPPATH\\Views\\layout\\content.php')
 7 SYSTEMPATH\View\View.php(216): CodeIgniter\View\View->CodeIgniter\View\{closure}()
 8 SYSTEMPATH\Common.php(1177): CodeIgniter\View\View->render('layout/content', [], true)
 9 APPPATH\Views\layout\wrapper.php(5): view('layout/content')
10 SYSTEMPATH\View\View.php(213): include('APPPATH\\Views\\layout\\wrapper.php')
11 SYSTEMPATH\View\View.php(216): CodeIgniter\View\View->CodeIgniter\View\{closure}()
12 SYSTEMPATH\Common.php(1177): CodeIgniter\View\View->render('layout/wrapper', [], true)
13 APPPATH\Controllers\Dashboard.php(15): view('layout/wrapper', [...])
14 SYSTEMPATH\CodeIgniter.php(934): App\Controllers\Dashboard->index()
15 SYSTEMPATH\CodeIgniter.php(499): CodeIgniter\CodeIgniter->runController(Object(App\Controllers\Dashboard))
16 SYSTEMPATH\CodeIgniter.php(368): CodeIgniter\CodeIgniter->handleRequest(null, Object(Config\Cache), false)
17 FCPATH\index.php(67): CodeIgniter\CodeIgniter->run()
18 SYSTEMPATH\Commands\Server\rewrite.php(47): require_once('FCPATH\\index.php')
WARNING - 2023-03-01 14:35:08 --> [DEPRECATED] ucfirst(): Passing null to parameter #1 ($string) of type string is deprecated in APPPATH\Views\pages\dashboard.php on line 56.
 1 APPPATH\Views\pages\dashboard.php(56): ucfirst(null)
 2 SYSTEMPATH\View\View.php(213): include('APPPATH\\Views\\pages\\dashboard.php')
 3 SYSTEMPATH\View\View.php(216): CodeIgniter\View\View->CodeIgniter\View\{closure}()
 4 SYSTEMPATH\Common.php(1177): CodeIgniter\View\View->render('pages/dashboard', [], true)
 5 APPPATH\Views\layout\content.php(3): view('pages/dashboard')
 6 SYSTEMPATH\View\View.php(213): include('APPPATH\\Views\\layout\\content.php')
 7 SYSTEMPATH\View\View.php(216): CodeIgniter\View\View->CodeIgniter\View\{closure}()
 8 SYSTEMPATH\Common.php(1177): CodeIgniter\View\View->render('layout/content', [], true)
 9 APPPATH\Views\layout\wrapper.php(5): view('layout/content')
10 SYSTEMPATH\View\View.php(213): include('APPPATH\\Views\\layout\\wrapper.php')
11 SYSTEMPATH\View\View.php(216): CodeIgniter\View\View->CodeIgniter\View\{closure}()
12 SYSTEMPATH\Common.php(1177): CodeIgniter\View\View->render('layout/wrapper', [], true)
13 APPPATH\Controllers\Dashboard.php(15): view('layout/wrapper', [...])
14 SYSTEMPATH\CodeIgniter.php(934): App\Controllers\Dashboard->index()
15 SYSTEMPATH\CodeIgniter.php(499): CodeIgniter\CodeIgniter->runController(Object(App\Controllers\Dashboard))
16 SYSTEMPATH\CodeIgniter.php(368): CodeIgniter\CodeIgniter->handleRequest(null, Object(Config\Cache), false)
17 FCPATH\index.php(67): CodeIgniter\CodeIgniter->run()
18 SYSTEMPATH\Commands\Server\rewrite.php(47): require_once('FCPATH\\index.php')
INFO - 2023-03-01 14:45:42 --> Session: Class initialized using 'CodeIgniter\Session\Handlers\FileHandler' driver.
WARNING - 2023-03-01 14:45:42 --> [DEPRECATED] ucfirst(): Passing null to parameter #1 ($string) of type string is deprecated in APPPATH\Views\pages\dashboard.php on line 22.
 1 APPPATH\Views\pages\dashboard.php(22): ucfirst(null)
 2 SYSTEMPATH\View\View.php(213): include('APPPATH\\Views\\pages\\dashboard.php')
 3 SYSTEMPATH\View\View.php(216): CodeIgniter\View\View->CodeIgniter\View\{closure}()
 4 SYSTEMPATH\Common.php(1177): CodeIgniter\View\View->render('pages/dashboard', [], true)
 5 APPPATH\Views\layout\content.php(3): view('pages/dashboard')
 6 SYSTEMPATH\View\View.php(213): include('APPPATH\\Views\\layout\\content.php')
 7 SYSTEMPATH\View\View.php(216): CodeIgniter\View\View->CodeIgniter\View\{closure}()
 8 SYSTEMPATH\Common.php(1177): CodeIgniter\View\View->render('layout/content', [], true)
 9 APPPATH\Views\layout\wrapper.php(5): view('layout/content')
10 SYSTEMPATH\View\View.php(213): include('APPPATH\\Views\\layout\\wrapper.php')
11 SYSTEMPATH\View\View.php(216): CodeIgniter\View\View->CodeIgniter\View\{closure}()
12 SYSTEMPATH\Common.php(1177): CodeIgniter\View\View->render('layout/wrapper', [], true)
13 APPPATH\Controllers\Dashboard.php(15): view('layout/wrapper', [...])
14 SYSTEMPATH\CodeIgniter.php(934): App\Controllers\Dashboard->index()
15 SYSTEMPATH\CodeIgniter.php(499): CodeIgniter\CodeIgniter->runController(Object(App\Controllers\Dashboard))
16 SYSTEMPATH\CodeIgniter.php(368): CodeIgniter\CodeIgniter->handleRequest(null, Object(Config\Cache), false)
17 FCPATH\index.php(67): CodeIgniter\CodeIgniter->run()
18 SYSTEMPATH\Commands\Server\rewrite.php(47): require_once('FCPATH\\index.php')
WARNING - 2023-03-01 14:45:42 --> [DEPRECATED] ucfirst(): Passing null to parameter #1 ($string) of type string is deprecated in APPPATH\Views\pages\dashboard.php on line 46.
 1 APPPATH\Views\pages\dashboard.php(46): ucfirst(null)
 2 SYSTEMPATH\View\View.php(213): include('APPPATH\\Views\\pages\\dashboard.php')
 3 SYSTEMPATH\View\View.php(216): CodeIgniter\View\View->CodeIgniter\View\{closure}()
 4 SYSTEMPATH\Common.php(1177): CodeIgniter\View\View->render('pages/dashboard', [], true)
 5 APPPATH\Views\layout\content.php(3): view('pages/dashboard')
 6 SYSTEMPATH\View\View.php(213): include('APPPATH\\Views\\layout\\content.php')
 7 SYSTEMPATH\View\View.php(216): CodeIgniter\View\View->CodeIgniter\View\{closure}()
 8 SYSTEMPATH\Common.php(1177): CodeIgniter\View\View->render('layout/content', [], true)
 9 APPPATH\Views\layout\wrapper.php(5): view('layout/content')
10 SYSTEMPATH\View\View.php(213): include('APPPATH\\Views\\layout\\wrapper.php')
11 SYSTEMPATH\View\View.php(216): CodeIgniter\View\View->CodeIgniter\View\{closure}()
12 SYSTEMPATH\Common.php(1177): CodeIgniter\View\View->render('layout/wrapper', [], true)
13 APPPATH\Controllers\Dashboard.php(15): view('layout/wrapper', [...])
14 SYSTEMPATH\CodeIgniter.php(934): App\Controllers\Dashboard->index()
15 SYSTEMPATH\CodeIgniter.php(499): CodeIgniter\CodeIgniter->runController(Object(App\Controllers\Dashboard))
16 SYSTEMPATH\CodeIgniter.php(368): CodeIgniter\CodeIgniter->handleRequest(null, Object(Config\Cache), false)
17 FCPATH\index.php(67): CodeIgniter\CodeIgniter->run()
18 SYSTEMPATH\Commands\Server\rewrite.php(47): require_once('FCPATH\\index.php')
WARNING - 2023-03-01 14:45:42 --> [DEPRECATED] ucfirst(): Passing null to parameter #1 ($string) of type string is deprecated in APPPATH\Views\pages\dashboard.php on line 56.
 1 APPPATH\Views\pages\dashboard.php(56): ucfirst(null)
 2 SYSTEMPATH\View\View.php(213): include('APPPATH\\Views\\pages\\dashboard.php')
 3 SYSTEMPATH\View\View.php(216): CodeIgniter\View\View->CodeIgniter\View\{closure}()
 4 SYSTEMPATH\Common.php(1177): CodeIgniter\View\View->render('pages/dashboard', [], true)
 5 APPPATH\Views\layout\content.php(3): view('pages/dashboard')
 6 SYSTEMPATH\View\View.php(213): include('APPPATH\\Views\\layout\\content.php')
 7 SYSTEMPATH\View\View.php(216): CodeIgniter\View\View->CodeIgniter\View\{closure}()
 8 SYSTEMPATH\Common.php(1177): CodeIgniter\View\View->render('layout/content', [], true)
 9 APPPATH\Views\layout\wrapper.php(5): view('layout/content')
10 SYSTEMPATH\View\View.php(213): include('APPPATH\\Views\\layout\\wrapper.php')
11 SYSTEMPATH\View\View.php(216): CodeIgniter\View\View->CodeIgniter\View\{closure}()
12 SYSTEMPATH\Common.php(1177): CodeIgniter\View\View->render('layout/wrapper', [], true)
13 APPPATH\Controllers\Dashboard.php(15): view('layout/wrapper', [...])
14 SYSTEMPATH\CodeIgniter.php(934): App\Controllers\Dashboard->index()
15 SYSTEMPATH\CodeIgniter.php(499): CodeIgniter\CodeIgniter->runController(Object(App\Controllers\Dashboard))
16 SYSTEMPATH\CodeIgniter.php(368): CodeIgniter\CodeIgniter->handleRequest(null, Object(Config\Cache), false)
17 FCPATH\index.php(67): CodeIgniter\CodeIgniter->run()
18 SYSTEMPATH\Commands\Server\rewrite.php(47): require_once('FCPATH\\index.php')
INFO - 2023-03-01 14:45:48 --> Session: Class initialized using 'CodeIgniter\Session\Handlers\FileHandler' driver.
WARNING - 2023-03-01 14:45:48 --> [DEPRECATED] ucfirst(): Passing null to parameter #1 ($string) of type string is deprecated in APPPATH\Views\pages\dashboard.php on line 22.
 1 APPPATH\Views\pages\dashboard.php(22): ucfirst(null)
 2 SYSTEMPATH\View\View.php(213): include('APPPATH\\Views\\pages\\dashboard.php')
 3 SYSTEMPATH\View\View.php(216): CodeIgniter\View\View->CodeIgniter\View\{closure}()
 4 SYSTEMPATH\Common.php(1177): CodeIgniter\View\View->render('pages/dashboard', [], true)
 5 APPPATH\Views\layout\content.php(3): view('pages/dashboard')
 6 SYSTEMPATH\View\View.php(213): include('APPPATH\\Views\\layout\\content.php')
 7 SYSTEMPATH\View\View.php(216): CodeIgniter\View\View->CodeIgniter\View\{closure}()
 8 SYSTEMPATH\Common.php(1177): CodeIgniter\View\View->render('layout/content', [], true)
 9 APPPATH\Views\layout\wrapper.php(5): view('layout/content')
10 SYSTEMPATH\View\View.php(213): include('APPPATH\\Views\\layout\\wrapper.php')
11 SYSTEMPATH\View\View.php(216): CodeIgniter\View\View->CodeIgniter\View\{closure}()
12 SYSTEMPATH\Common.php(1177): CodeIgniter\View\View->render('layout/wrapper', [], true)
13 APPPATH\Controllers\Dashboard.php(15): view('layout/wrapper', [...])
14 SYSTEMPATH\CodeIgniter.php(934): App\Controllers\Dashboard->index()
15 SYSTEMPATH\CodeIgniter.php(499): CodeIgniter\CodeIgniter->runController(Object(App\Controllers\Dashboard))
16 SYSTEMPATH\CodeIgniter.php(368): CodeIgniter\CodeIgniter->handleRequest(null, Object(Config\Cache), false)
17 FCPATH\index.php(67): CodeIgniter\CodeIgniter->run()
18 SYSTEMPATH\Commands\Server\rewrite.php(47): require_once('FCPATH\\index.php')
WARNING - 2023-03-01 14:45:48 --> [DEPRECATED] ucfirst(): Passing null to parameter #1 ($string) of type string is deprecated in APPPATH\Views\pages\dashboard.php on line 46.
 1 APPPATH\Views\pages\dashboard.php(46): ucfirst(null)
 2 SYSTEMPATH\View\View.php(213): include('APPPATH\\Views\\pages\\dashboard.php')
 3 SYSTEMPATH\View\View.php(216): CodeIgniter\View\View->CodeIgniter\View\{closure}()
 4 SYSTEMPATH\Common.php(1177): CodeIgniter\View\View->render('pages/dashboard', [], true)
 5 APPPATH\Views\layout\content.php(3): view('pages/dashboard')
 6 SYSTEMPATH\View\View.php(213): include('APPPATH\\Views\\layout\\content.php')
 7 SYSTEMPATH\View\View.php(216): CodeIgniter\View\View->CodeIgniter\View\{closure}()
 8 SYSTEMPATH\Common.php(1177): CodeIgniter\View\View->render('layout/content', [], true)
 9 APPPATH\Views\layout\wrapper.php(5): view('layout/content')
10 SYSTEMPATH\View\View.php(213): include('APPPATH\\Views\\layout\\wrapper.php')
11 SYSTEMPATH\View\View.php(216): CodeIgniter\View\View->CodeIgniter\View\{closure}()
12 SYSTEMPATH\Common.php(1177): CodeIgniter\View\View->render('layout/wrapper', [], true)
13 APPPATH\Controllers\Dashboard.php(15): view('layout/wrapper', [...])
14 SYSTEMPATH\CodeIgniter.php(934): App\Controllers\Dashboard->index()
15 SYSTEMPATH\CodeIgniter.php(499): CodeIgniter\CodeIgniter->runController(Object(App\Controllers\Dashboard))
16 SYSTEMPATH\CodeIgniter.php(368): CodeIgniter\CodeIgniter->handleRequest(null, Object(Config\Cache), false)
17 FCPATH\index.php(67): CodeIgniter\CodeIgniter->run()
18 SYSTEMPATH\Commands\Server\rewrite.php(47): require_once('FCPATH\\index.php')
WARNING - 2023-03-01 14:45:48 --> [DEPRECATED] ucfirst(): Passing null to parameter #1 ($string) of type string is deprecated in APPPATH\Views\pages\dashboard.php on line 56.
 1 APPPATH\Views\pages\dashboard.php(56): ucfirst(null)
 2 SYSTEMPATH\View\View.php(213): include('APPPATH\\Views\\pages\\dashboard.php')
 3 SYSTEMPATH\View\View.php(216): CodeIgniter\View\View->CodeIgniter\View\{closure}()
 4 SYSTEMPATH\Common.php(1177): CodeIgniter\View\View->render('pages/dashboard', [], true)
 5 APPPATH\Views\layout\content.php(3): view('pages/dashboard')
 6 SYSTEMPATH\View\View.php(213): include('APPPATH\\Views\\layout\\content.php')
 7 SYSTEMPATH\View\View.php(216): CodeIgniter\View\View->CodeIgniter\View\{closure}()
 8 SYSTEMPATH\Common.php(1177): CodeIgniter\View\View->render('layout/content', [], true)
 9 APPPATH\Views\layout\wrapper.php(5): view('layout/content')
10 SYSTEMPATH\View\View.php(213): include('APPPATH\\Views\\layout\\wrapper.php')
11 SYSTEMPATH\View\View.php(216): CodeIgniter\View\View->CodeIgniter\View\{closure}()
12 SYSTEMPATH\Common.php(1177): CodeIgniter\View\View->render('layout/wrapper', [], true)
13 APPPATH\Controllers\Dashboard.php(15): view('layout/wrapper', [...])
14 SYSTEMPATH\CodeIgniter.php(934): App\Controllers\Dashboard->index()
15 SYSTEMPATH\CodeIgniter.php(499): CodeIgniter\CodeIgniter->runController(Object(App\Controllers\Dashboard))
16 SYSTEMPATH\CodeIgniter.php(368): CodeIgniter\CodeIgniter->handleRequest(null, Object(Config\Cache), false)
17 FCPATH\index.php(67): CodeIgniter\CodeIgniter->run()
18 SYSTEMPATH\Commands\Server\rewrite.php(47): require_once('FCPATH\\index.php')
INFO - 2023-03-01 14:46:18 --> Session: Class initialized using 'CodeIgniter\Session\Handlers\FileHandler' driver.
WARNING - 2023-03-01 14:46:18 --> [DEPRECATED] ucfirst(): Passing null to parameter #1 ($string) of type string is deprecated in APPPATH\Views\pages\dashboard.php on line 22.
 1 APPPATH\Views\pages\dashboard.php(22): ucfirst(null)
 2 SYSTEMPATH\View\View.php(213): include('APPPATH\\Views\\pages\\dashboard.php')
 3 SYSTEMPATH\View\View.php(216): CodeIgniter\View\View->CodeIgniter\View\{closure}()
 4 SYSTEMPATH\Common.php(1177): CodeIgniter\View\View->render('pages/dashboard', [], true)
 5 APPPATH\Views\layout\content.php(3): view('pages/dashboard')
 6 SYSTEMPATH\View\View.php(213): include('APPPATH\\Views\\layout\\content.php')
 7 SYSTEMPATH\View\View.php(216): CodeIgniter\View\View->CodeIgniter\View\{closure}()
 8 SYSTEMPATH\Common.php(1177): CodeIgniter\View\View->render('layout/content', [], true)
 9 APPPATH\Views\layout\wrapper.php(5): view('layout/content')
10 SYSTEMPATH\View\View.php(213): include('APPPATH\\Views\\layout\\wrapper.php')
11 SYSTEMPATH\View\View.php(216): CodeIgniter\View\View->CodeIgniter\View\{closure}()
12 SYSTEMPATH\Common.php(1177): CodeIgniter\View\View->render('layout/wrapper', [], true)
13 APPPATH\Controllers\Dashboard.php(15): view('layout/wrapper', [...])
14 SYSTEMPATH\CodeIgniter.php(934): App\Controllers\Dashboard->index()
15 SYSTEMPATH\CodeIgniter.php(499): CodeIgniter\CodeIgniter->runController(Object(App\Controllers\Dashboard))
16 SYSTEMPATH\CodeIgniter.php(368): CodeIgniter\CodeIgniter->handleRequest(null, Object(Config\Cache), false)
17 FCPATH\index.php(67): CodeIgniter\CodeIgniter->run()
18 SYSTEMPATH\Commands\Server\rewrite.php(47): require_once('FCPATH\\index.php')
WARNING - 2023-03-01 14:46:18 --> [DEPRECATED] ucfirst(): Passing null to parameter #1 ($string) of type string is deprecated in APPPATH\Views\pages\dashboard.php on line 46.
 1 APPPATH\Views\pages\dashboard.php(46): ucfirst(null)
 2 SYSTEMPATH\View\View.php(213): include('APPPATH\\Views\\pages\\dashboard.php')
 3 SYSTEMPATH\View\View.php(216): CodeIgniter\View\View->CodeIgniter\View\{closure}()
 4 SYSTEMPATH\Common.php(1177): CodeIgniter\View\View->render('pages/dashboard', [], true)
 5 APPPATH\Views\layout\content.php(3): view('pages/dashboard')
 6 SYSTEMPATH\View\View.php(213): include('APPPATH\\Views\\layout\\content.php')
 7 SYSTEMPATH\View\View.php(216): CodeIgniter\View\View->CodeIgniter\View\{closure}()
 8 SYSTEMPATH\Common.php(1177): CodeIgniter\View\View->render('layout/content', [], true)
 9 APPPATH\Views\layout\wrapper.php(5): view('layout/content')
10 SYSTEMPATH\View\View.php(213): include('APPPATH\\Views\\layout\\wrapper.php')
11 SYSTEMPATH\View\View.php(216): CodeIgniter\View\View->CodeIgniter\View\{closure}()
12 SYSTEMPATH\Common.php(1177): CodeIgniter\View\View->render('layout/wrapper', [], true)
13 APPPATH\Controllers\Dashboard.php(15): view('layout/wrapper', [...])
14 SYSTEMPATH\CodeIgniter.php(934): App\Controllers\Dashboard->index()
15 SYSTEMPATH\CodeIgniter.php(499): CodeIgniter\CodeIgniter->runController(Object(App\Controllers\Dashboard))
16 SYSTEMPATH\CodeIgniter.php(368): CodeIgniter\CodeIgniter->handleRequest(null, Object(Config\Cache), false)
17 FCPATH\index.php(67): CodeIgniter\CodeIgniter->run()
18 SYSTEMPATH\Commands\Server\rewrite.php(47): require_once('FCPATH\\index.php')
WARNING - 2023-03-01 14:46:18 --> [DEPRECATED] ucfirst(): Passing null to parameter #1 ($string) of type string is deprecated in APPPATH\Views\pages\dashboard.php on line 56.
 1 APPPATH\Views\pages\dashboard.php(56): ucfirst(null)
 2 SYSTEMPATH\View\View.php(213): include('APPPATH\\Views\\pages\\dashboard.php')
 3 SYSTEMPATH\View\View.php(216): CodeIgniter\View\View->CodeIgniter\View\{closure}()
 4 SYSTEMPATH\Common.php(1177): CodeIgniter\View\View->render('pages/dashboard', [], true)
 5 APPPATH\Views\layout\content.php(3): view('pages/dashboard')
 6 SYSTEMPATH\View\View.php(213): include('APPPATH\\Views\\layout\\content.php')
 7 SYSTEMPATH\View\View.php(216): CodeIgniter\View\View->CodeIgniter\View\{closure}()
 8 SYSTEMPATH\Common.php(1177): CodeIgniter\View\View->render('layout/content', [], true)
 9 APPPATH\Views\layout\wrapper.php(5): view('layout/content')
10 SYSTEMPATH\View\View.php(213): include('APPPATH\\Views\\layout\\wrapper.php')
11 SYSTEMPATH\View\View.php(216): CodeIgniter\View\View->CodeIgniter\View\{closure}()
12 SYSTEMPATH\Common.php(1177): CodeIgniter\View\View->render('layout/wrapper', [], true)
13 APPPATH\Controllers\Dashboard.php(15): view('layout/wrapper', [...])
14 SYSTEMPATH\CodeIgniter.php(934): App\Controllers\Dashboard->index()
15 SYSTEMPATH\CodeIgniter.php(499): CodeIgniter\CodeIgniter->runController(Object(App\Controllers\Dashboard))
16 SYSTEMPATH\CodeIgniter.php(368): CodeIgniter\CodeIgniter->handleRequest(null, Object(Config\Cache), false)
17 FCPATH\index.php(67): CodeIgniter\CodeIgniter->run()
18 SYSTEMPATH\Commands\Server\rewrite.php(47): require_once('FCPATH\\index.php')
INFO - 2023-03-01 14:46:59 --> Session: Class initialized using 'CodeIgniter\Session\Handlers\FileHandler' driver.
WARNING - 2023-03-01 14:46:59 --> [DEPRECATED] ucfirst(): Passing null to parameter #1 ($string) of type string is deprecated in APPPATH\Views\pages\dashboard.php on line 22.
 1 APPPATH\Views\pages\dashboard.php(22): ucfirst(null)
 2 SYSTEMPATH\View\View.php(213): include('APPPATH\\Views\\pages\\dashboard.php')
 3 SYSTEMPATH\View\View.php(216): CodeIgniter\View\View->CodeIgniter\View\{closure}()
 4 SYSTEMPATH\Common.php(1177): CodeIgniter\View\View->render('pages/dashboard', [], true)
 5 APPPATH\Views\layout\content.php(3): view('pages/dashboard')
 6 SYSTEMPATH\View\View.php(213): include('APPPATH\\Views\\layout\\content.php')
 7 SYSTEMPATH\View\View.php(216): CodeIgniter\View\View->CodeIgniter\View\{closure}()
 8 SYSTEMPATH\Common.php(1177): CodeIgniter\View\View->render('layout/content', [], true)
 9 APPPATH\Views\layout\wrapper.php(5): view('layout/content')
10 SYSTEMPATH\View\View.php(213): include('APPPATH\\Views\\layout\\wrapper.php')
11 SYSTEMPATH\View\View.php(216): CodeIgniter\View\View->CodeIgniter\View\{closure}()
12 SYSTEMPATH\Common.php(1177): CodeIgniter\View\View->render('layout/wrapper', [], true)
13 APPPATH\Controllers\Dashboard.php(15): view('layout/wrapper', [...])
14 SYSTEMPATH\CodeIgniter.php(934): App\Controllers\Dashboard->index()
15 SYSTEMPATH\CodeIgniter.php(499): CodeIgniter\CodeIgniter->runController(Object(App\Controllers\Dashboard))
16 SYSTEMPATH\CodeIgniter.php(368): CodeIgniter\CodeIgniter->handleRequest(null, Object(Config\Cache), false)
17 FCPATH\index.php(67): CodeIgniter\CodeIgniter->run()
18 SYSTEMPATH\Commands\Server\rewrite.php(47): require_once('FCPATH\\index.php')
WARNING - 2023-03-01 14:46:59 --> [DEPRECATED] ucfirst(): Passing null to parameter #1 ($string) of type string is deprecated in APPPATH\Views\pages\dashboard.php on line 46.
 1 APPPATH\Views\pages\dashboard.php(46): ucfirst(null)
 2 SYSTEMPATH\View\View.php(213): include('APPPATH\\Views\\pages\\dashboard.php')
 3 SYSTEMPATH\View\View.php(216): CodeIgniter\View\View->CodeIgniter\View\{closure}()
 4 SYSTEMPATH\Common.php(1177): CodeIgniter\View\View->render('pages/dashboard', [], true)
 5 APPPATH\Views\layout\content.php(3): view('pages/dashboard')
 6 SYSTEMPATH\View\View.php(213): include('APPPATH\\Views\\layout\\content.php')
 7 SYSTEMPATH\View\View.php(216): CodeIgniter\View\View->CodeIgniter\View\{closure}()
 8 SYSTEMPATH\Common.php(1177): CodeIgniter\View\View->render('layout/content', [], true)
 9 APPPATH\Views\layout\wrapper.php(5): view('layout/content')
10 SYSTEMPATH\View\View.php(213): include('APPPATH\\Views\\layout\\wrapper.php')
11 SYSTEMPATH\View\View.php(216): CodeIgniter\View\View->CodeIgniter\View\{closure}()
12 SYSTEMPATH\Common.php(1177): CodeIgniter\View\View->render('layout/wrapper', [], true)
13 APPPATH\Controllers\Dashboard.php(15): view('layout/wrapper', [...])
14 SYSTEMPATH\CodeIgniter.php(934): App\Controllers\Dashboard->index()
15 SYSTEMPATH\CodeIgniter.php(499): CodeIgniter\CodeIgniter->runController(Object(App\Controllers\Dashboard))
16 SYSTEMPATH\CodeIgniter.php(368): CodeIgniter\CodeIgniter->handleRequest(null, Object(Config\Cache), false)
17 FCPATH\index.php(67): CodeIgniter\CodeIgniter->run()
18 SYSTEMPATH\Commands\Server\rewrite.php(47): require_once('FCPATH\\index.php')
WARNING - 2023-03-01 14:46:59 --> [DEPRECATED] ucfirst(): Passing null to parameter #1 ($string) of type string is deprecated in APPPATH\Views\pages\dashboard.php on line 56.
 1 APPPATH\Views\pages\dashboard.php(56): ucfirst(null)
 2 SYSTEMPATH\View\View.php(213): include('APPPATH\\Views\\pages\\dashboard.php')
 3 SYSTEMPATH\View\View.php(216): CodeIgniter\View\View->CodeIgniter\View\{closure}()
 4 SYSTEMPATH\Common.php(1177): CodeIgniter\View\View->render('pages/dashboard', [], true)
 5 APPPATH\Views\layout\content.php(3): view('pages/dashboard')
 6 SYSTEMPATH\View\View.php(213): include('APPPATH\\Views\\layout\\content.php')
 7 SYSTEMPATH\View\View.php(216): CodeIgniter\View\View->CodeIgniter\View\{closure}()
 8 SYSTEMPATH\Common.php(1177): CodeIgniter\View\View->render('layout/content', [], true)
 9 APPPATH\Views\layout\wrapper.php(5): view('layout/content')
10 SYSTEMPATH\View\View.php(213): include('APPPATH\\Views\\layout\\wrapper.php')
11 SYSTEMPATH\View\View.php(216): CodeIgniter\View\View->CodeIgniter\View\{closure}()
12 SYSTEMPATH\Common.php(1177): CodeIgniter\View\View->render('layout/wrapper', [], true)
13 APPPATH\Controllers\Dashboard.php(15): view('layout/wrapper', [...])
14 SYSTEMPATH\CodeIgniter.php(934): App\Controllers\Dashboard->index()
15 SYSTEMPATH\CodeIgniter.php(499): CodeIgniter\CodeIgniter->runController(Object(App\Controllers\Dashboard))
16 SYSTEMPATH\CodeIgniter.php(368): CodeIgniter\CodeIgniter->handleRequest(null, Object(Config\Cache), false)
17 FCPATH\index.php(67): CodeIgniter\CodeIgniter->run()
18 SYSTEMPATH\Commands\Server\rewrite.php(47): require_once('FCPATH\\index.php')
INFO - 2023-03-01 14:47:15 --> Session: Class initialized using 'CodeIgniter\Session\Handlers\FileHandler' driver.
WARNING - 2023-03-01 14:47:15 --> [DEPRECATED] ucfirst(): Passing null to parameter #1 ($string) of type string is deprecated in APPPATH\Views\pages\dashboard.php on line 22.
 1 APPPATH\Views\pages\dashboard.php(22): ucfirst(null)
 2 SYSTEMPATH\View\View.php(213): include('APPPATH\\Views\\pages\\dashboard.php')
 3 SYSTEMPATH\View\View.php(216): CodeIgniter\View\View->CodeIgniter\View\{closure}()
 4 SYSTEMPATH\Common.php(1177): CodeIgniter\View\View->render('pages/dashboard', [], true)
 5 APPPATH\Views\layout\content.php(3): view('pages/dashboard')
 6 SYSTEMPATH\View\View.php(213): include('APPPATH\\Views\\layout\\content.php')
 7 SYSTEMPATH\View\View.php(216): CodeIgniter\View\View->CodeIgniter\View\{closure}()
 8 SYSTEMPATH\Common.php(1177): CodeIgniter\View\View->render('layout/content', [], true)
 9 APPPATH\Views\layout\wrapper.php(5): view('layout/content')
10 SYSTEMPATH\View\View.php(213): include('APPPATH\\Views\\layout\\wrapper.php')
11 SYSTEMPATH\View\View.php(216): CodeIgniter\View\View->CodeIgniter\View\{closure}()
12 SYSTEMPATH\Common.php(1177): CodeIgniter\View\View->render('layout/wrapper', [], true)
13 APPPATH\Controllers\Dashboard.php(15): view('layout/wrapper', [...])
14 SYSTEMPATH\CodeIgniter.php(934): App\Controllers\Dashboard->index()
15 SYSTEMPATH\CodeIgniter.php(499): CodeIgniter\CodeIgniter->runController(Object(App\Controllers\Dashboard))
16 SYSTEMPATH\CodeIgniter.php(368): CodeIgniter\CodeIgniter->handleRequest(null, Object(Config\Cache), false)
17 FCPATH\index.php(67): CodeIgniter\CodeIgniter->run()
18 SYSTEMPATH\Commands\Server\rewrite.php(47): require_once('FCPATH\\index.php')
WARNING - 2023-03-01 14:47:15 --> [DEPRECATED] ucfirst(): Passing null to parameter #1 ($string) of type string is deprecated in APPPATH\Views\pages\dashboard.php on line 46.
 1 APPPATH\Views\pages\dashboard.php(46): ucfirst(null)
 2 SYSTEMPATH\View\View.php(213): include('APPPATH\\Views\\pages\\dashboard.php')
 3 SYSTEMPATH\View\View.php(216): CodeIgniter\View\View->CodeIgniter\View\{closure}()
 4 SYSTEMPATH\Common.php(1177): CodeIgniter\View\View->render('pages/dashboard', [], true)
 5 APPPATH\Views\layout\content.php(3): view('pages/dashboard')
 6 SYSTEMPATH\View\View.php(213): include('APPPATH\\Views\\layout\\content.php')
 7 SYSTEMPATH\View\View.php(216): CodeIgniter\View\View->CodeIgniter\View\{closure}()
 8 SYSTEMPATH\Common.php(1177): CodeIgniter\View\View->render('layout/content', [], true)
 9 APPPATH\Views\layout\wrapper.php(5): view('layout/content')
10 SYSTEMPATH\View\View.php(213): include('APPPATH\\Views\\layout\\wrapper.php')
11 SYSTEMPATH\View\View.php(216): CodeIgniter\View\View->CodeIgniter\View\{closure}()
12 SYSTEMPATH\Common.php(1177): CodeIgniter\View\View->render('layout/wrapper', [], true)
13 APPPATH\Controllers\Dashboard.php(15): view('layout/wrapper', [...])
14 SYSTEMPATH\CodeIgniter.php(934): App\Controllers\Dashboard->index()
15 SYSTEMPATH\CodeIgniter.php(499): CodeIgniter\CodeIgniter->runController(Object(App\Controllers\Dashboard))
16 SYSTEMPATH\CodeIgniter.php(368): CodeIgniter\CodeIgniter->handleRequest(null, Object(Config\Cache), false)
17 FCPATH\index.php(67): CodeIgniter\CodeIgniter->run()
18 SYSTEMPATH\Commands\Server\rewrite.php(47): require_once('FCPATH\\index.php')
WARNING - 2023-03-01 14:47:15 --> [DEPRECATED] ucfirst(): Passing null to parameter #1 ($string) of type string is deprecated in APPPATH\Views\pages\dashboard.php on line 56.
 1 APPPATH\Views\pages\dashboard.php(56): ucfirst(null)
 2 SYSTEMPATH\View\View.php(213): include('APPPATH\\Views\\pages\\dashboard.php')
 3 SYSTEMPATH\View\View.php(216): CodeIgniter\View\View->CodeIgniter\View\{closure}()
 4 SYSTEMPATH\Common.php(1177): CodeIgniter\View\View->render('pages/dashboard', [], true)
 5 APPPATH\Views\layout\content.php(3): view('pages/dashboard')
 6 SYSTEMPATH\View\View.php(213): include('APPPATH\\Views\\layout\\content.php')
 7 SYSTEMPATH\View\View.php(216): CodeIgniter\View\View->CodeIgniter\View\{closure}()
 8 SYSTEMPATH\Common.php(1177): CodeIgniter\View\View->render('layout/content', [], true)
 9 APPPATH\Views\layout\wrapper.php(5): view('layout/content')
10 SYSTEMPATH\View\View.php(213): include('APPPATH\\Views\\layout\\wrapper.php')
11 SYSTEMPATH\View\View.php(216): CodeIgniter\View\View->CodeIgniter\View\{closure}()
12 SYSTEMPATH\Common.php(1177): CodeIgniter\View\View->render('layout/wrapper', [], true)
13 APPPATH\Controllers\Dashboard.php(15): view('layout/wrapper', [...])
14 SYSTEMPATH\CodeIgniter.php(934): App\Controllers\Dashboard->index()
15 SYSTEMPATH\CodeIgniter.php(499): CodeIgniter\CodeIgniter->runController(Object(App\Controllers\Dashboard))
16 SYSTEMPATH\CodeIgniter.php(368): CodeIgniter\CodeIgniter->handleRequest(null, Object(Config\Cache), false)
17 FCPATH\index.php(67): CodeIgniter\CodeIgniter->run()
18 SYSTEMPATH\Commands\Server\rewrite.php(47): require_once('FCPATH\\index.php')
INFO - 2023-03-01 14:47:30 --> Session: Class initialized using 'CodeIgniter\Session\Handlers\FileHandler' driver.
WARNING - 2023-03-01 14:47:30 --> [DEPRECATED] ucfirst(): Passing null to parameter #1 ($string) of type string is deprecated in APPPATH\Views\pages\dashboard.php on line 22.
 1 APPPATH\Views\pages\dashboard.php(22): ucfirst(null)
 2 SYSTEMPATH\View\View.php(213): include('APPPATH\\Views\\pages\\dashboard.php')
 3 SYSTEMPATH\View\View.php(216): CodeIgniter\View\View->CodeIgniter\View\{closure}()
 4 SYSTEMPATH\Common.php(1177): CodeIgniter\View\View->render('pages/dashboard', [], true)
 5 APPPATH\Views\layout\content.php(3): view('pages/dashboard')
 6 SYSTEMPATH\View\View.php(213): include('APPPATH\\Views\\layout\\content.php')
 7 SYSTEMPATH\View\View.php(216): CodeIgniter\View\View->CodeIgniter\View\{closure}()
 8 SYSTEMPATH\Common.php(1177): CodeIgniter\View\View->render('layout/content', [], true)
 9 APPPATH\Views\layout\wrapper.php(5): view('layout/content')
10 SYSTEMPATH\View\View.php(213): include('APPPATH\\Views\\layout\\wrapper.php')
11 SYSTEMPATH\View\View.php(216): CodeIgniter\View\View->CodeIgniter\View\{closure}()
12 SYSTEMPATH\Common.php(1177): CodeIgniter\View\View->render('layout/wrapper', [], true)
13 APPPATH\Controllers\Dashboard.php(15): view('layout/wrapper', [...])
14 SYSTEMPATH\CodeIgniter.php(934): App\Controllers\Dashboard->index()
15 SYSTEMPATH\CodeIgniter.php(499): CodeIgniter\CodeIgniter->runController(Object(App\Controllers\Dashboard))
16 SYSTEMPATH\CodeIgniter.php(368): CodeIgniter\CodeIgniter->handleRequest(null, Object(Config\Cache), false)
17 FCPATH\index.php(67): CodeIgniter\CodeIgniter->run()
18 SYSTEMPATH\Commands\Server\rewrite.php(47): require_once('FCPATH\\index.php')
WARNING - 2023-03-01 14:47:30 --> [DEPRECATED] ucfirst(): Passing null to parameter #1 ($string) of type string is deprecated in APPPATH\Views\pages\dashboard.php on line 46.
 1 APPPATH\Views\pages\dashboard.php(46): ucfirst(null)
 2 SYSTEMPATH\View\View.php(213): include('APPPATH\\Views\\pages\\dashboard.php')
 3 SYSTEMPATH\View\View.php(216): CodeIgniter\View\View->CodeIgniter\View\{closure}()
 4 SYSTEMPATH\Common.php(1177): CodeIgniter\View\View->render('pages/dashboard', [], true)
 5 APPPATH\Views\layout\content.php(3): view('pages/dashboard')
 6 SYSTEMPATH\View\View.php(213): include('APPPATH\\Views\\layout\\content.php')
 7 SYSTEMPATH\View\View.php(216): CodeIgniter\View\View->CodeIgniter\View\{closure}()
 8 SYSTEMPATH\Common.php(1177): CodeIgniter\View\View->render('layout/content', [], true)
 9 APPPATH\Views\layout\wrapper.php(5): view('layout/content')
10 SYSTEMPATH\View\View.php(213): include('APPPATH\\Views\\layout\\wrapper.php')
11 SYSTEMPATH\View\View.php(216): CodeIgniter\View\View->CodeIgniter\View\{closure}()
12 SYSTEMPATH\Common.php(1177): CodeIgniter\View\View->render('layout/wrapper', [], true)
13 APPPATH\Controllers\Dashboard.php(15): view('layout/wrapper', [...])
14 SYSTEMPATH\CodeIgniter.php(934): App\Controllers\Dashboard->index()
15 SYSTEMPATH\CodeIgniter.php(499): CodeIgniter\CodeIgniter->runController(Object(App\Controllers\Dashboard))
16 SYSTEMPATH\CodeIgniter.php(368): CodeIgniter\CodeIgniter->handleRequest(null, Object(Config\Cache), false)
17 FCPATH\index.php(67): CodeIgniter\CodeIgniter->run()
18 SYSTEMPATH\Commands\Server\rewrite.php(47): require_once('FCPATH\\index.php')
WARNING - 2023-03-01 14:47:30 --> [DEPRECATED] ucfirst(): Passing null to parameter #1 ($string) of type string is deprecated in APPPATH\Views\pages\dashboard.php on line 56.
 1 APPPATH\Views\pages\dashboard.php(56): ucfirst(null)
 2 SYSTEMPATH\View\View.php(213): include('APPPATH\\Views\\pages\\dashboard.php')
 3 SYSTEMPATH\View\View.php(216): CodeIgniter\View\View->CodeIgniter\View\{closure}()
 4 SYSTEMPATH\Common.php(1177): CodeIgniter\View\View->render('pages/dashboard', [], true)
 5 APPPATH\Views\layout\content.php(3): view('pages/dashboard')
 6 SYSTEMPATH\View\View.php(213): include('APPPATH\\Views\\layout\\content.php')
 7 SYSTEMPATH\View\View.php(216): CodeIgniter\View\View->CodeIgniter\View\{closure}()
 8 SYSTEMPATH\Common.php(1177): CodeIgniter\View\View->render('layout/content', [], true)
 9 APPPATH\Views\layout\wrapper.php(5): view('layout/content')
10 SYSTEMPATH\View\View.php(213): include('APPPATH\\Views\\layout\\wrapper.php')
11 SYSTEMPATH\View\View.php(216): CodeIgniter\View\View->CodeIgniter\View\{closure}()
12 SYSTEMPATH\Common.php(1177): CodeIgniter\View\View->render('layout/wrapper', [], true)
13 APPPATH\Controllers\Dashboard.php(15): view('layout/wrapper', [...])
14 SYSTEMPATH\CodeIgniter.php(934): App\Controllers\Dashboard->index()
15 SYSTEMPATH\CodeIgniter.php(499): CodeIgniter\CodeIgniter->runController(Object(App\Controllers\Dashboard))
16 SYSTEMPATH\CodeIgniter.php(368): CodeIgniter\CodeIgniter->handleRequest(null, Object(Config\Cache), false)
17 FCPATH\index.php(67): CodeIgniter\CodeIgniter->run()
18 SYSTEMPATH\Commands\Server\rewrite.php(47): require_once('FCPATH\\index.php')
INFO - 2023-03-01 14:47:47 --> Session: Class initialized using 'CodeIgniter\Session\Handlers\FileHandler' driver.
WARNING - 2023-03-01 14:47:47 --> [DEPRECATED] ucfirst(): Passing null to parameter #1 ($string) of type string is deprecated in APPPATH\Views\pages\dashboard.php on line 22.
 1 APPPATH\Views\pages\dashboard.php(22): ucfirst(null)
 2 SYSTEMPATH\View\View.php(213): include('APPPATH\\Views\\pages\\dashboard.php')
 3 SYSTEMPATH\View\View.php(216): CodeIgniter\View\View->CodeIgniter\View\{closure}()
 4 SYSTEMPATH\Common.php(1177): CodeIgniter\View\View->render('pages/dashboard', [], true)
 5 APPPATH\Views\layout\content.php(3): view('pages/dashboard')
 6 SYSTEMPATH\View\View.php(213): include('APPPATH\\Views\\layout\\content.php')
 7 SYSTEMPATH\View\View.php(216): CodeIgniter\View\View->CodeIgniter\View\{closure}()
 8 SYSTEMPATH\Common.php(1177): CodeIgniter\View\View->render('layout/content', [], true)
 9 APPPATH\Views\layout\wrapper.php(5): view('layout/content')
10 SYSTEMPATH\View\View.php(213): include('APPPATH\\Views\\layout\\wrapper.php')
11 SYSTEMPATH\View\View.php(216): CodeIgniter\View\View->CodeIgniter\View\{closure}()
12 SYSTEMPATH\Common.php(1177): CodeIgniter\View\View->render('layout/wrapper', [], true)
13 APPPATH\Controllers\Dashboard.php(15): view('layout/wrapper', [...])
14 SYSTEMPATH\CodeIgniter.php(934): App\Controllers\Dashboard->index()
15 SYSTEMPATH\CodeIgniter.php(499): CodeIgniter\CodeIgniter->runController(Object(App\Controllers\Dashboard))
16 SYSTEMPATH\CodeIgniter.php(368): CodeIgniter\CodeIgniter->handleRequest(null, Object(Config\Cache), false)
17 FCPATH\index.php(67): CodeIgniter\CodeIgniter->run()
18 SYSTEMPATH\Commands\Server\rewrite.php(47): require_once('FCPATH\\index.php')
WARNING - 2023-03-01 14:47:47 --> [DEPRECATED] ucfirst(): Passing null to parameter #1 ($string) of type string is deprecated in APPPATH\Views\pages\dashboard.php on line 46.
 1 APPPATH\Views\pages\dashboard.php(46): ucfirst(null)
 2 SYSTEMPATH\View\View.php(213): include('APPPATH\\Views\\pages\\dashboard.php')
 3 SYSTEMPATH\View\View.php(216): CodeIgniter\View\View->CodeIgniter\View\{closure}()
 4 SYSTEMPATH\Common.php(1177): CodeIgniter\View\View->render('pages/dashboard', [], true)
 5 APPPATH\Views\layout\content.php(3): view('pages/dashboard')
 6 SYSTEMPATH\View\View.php(213): include('APPPATH\\Views\\layout\\content.php')
 7 SYSTEMPATH\View\View.php(216): CodeIgniter\View\View->CodeIgniter\View\{closure}()
 8 SYSTEMPATH\Common.php(1177): CodeIgniter\View\View->render('layout/content', [], true)
 9 APPPATH\Views\layout\wrapper.php(5): view('layout/content')
10 SYSTEMPATH\View\View.php(213): include('APPPATH\\Views\\layout\\wrapper.php')
11 SYSTEMPATH\View\View.php(216): CodeIgniter\View\View->CodeIgniter\View\{closure}()
12 SYSTEMPATH\Common.php(1177): CodeIgniter\View\View->render('layout/wrapper', [], true)
13 APPPATH\Controllers\Dashboard.php(15): view('layout/wrapper', [...])
14 SYSTEMPATH\CodeIgniter.php(934): App\Controllers\Dashboard->index()
15 SYSTEMPATH\CodeIgniter.php(499): CodeIgniter\CodeIgniter->runController(Object(App\Controllers\Dashboard))
16 SYSTEMPATH\CodeIgniter.php(368): CodeIgniter\CodeIgniter->handleRequest(null, Object(Config\Cache), false)
17 FCPATH\index.php(67): CodeIgniter\CodeIgniter->run()
18 SYSTEMPATH\Commands\Server\rewrite.php(47): require_once('FCPATH\\index.php')
WARNING - 2023-03-01 14:47:47 --> [DEPRECATED] ucfirst(): Passing null to parameter #1 ($string) of type string is deprecated in APPPATH\Views\pages\dashboard.php on line 56.
 1 APPPATH\Views\pages\dashboard.php(56): ucfirst(null)
 2 SYSTEMPATH\View\View.php(213): include('APPPATH\\Views\\pages\\dashboard.php')
 3 SYSTEMPATH\View\View.php(216): CodeIgniter\View\View->CodeIgniter\View\{closure}()
 4 SYSTEMPATH\Common.php(1177): CodeIgniter\View\View->render('pages/dashboard', [], true)
 5 APPPATH\Views\layout\content.php(3): view('pages/dashboard')
 6 SYSTEMPATH\View\View.php(213): include('APPPATH\\Views\\layout\\content.php')
 7 SYSTEMPATH\View\View.php(216): CodeIgniter\View\View->CodeIgniter\View\{closure}()
 8 SYSTEMPATH\Common.php(1177): CodeIgniter\View\View->render('layout/content', [], true)
 9 APPPATH\Views\layout\wrapper.php(5): view('layout/content')
10 SYSTEMPATH\View\View.php(213): include('APPPATH\\Views\\layout\\wrapper.php')
11 SYSTEMPATH\View\View.php(216): CodeIgniter\View\View->CodeIgniter\View\{closure}()
12 SYSTEMPATH\Common.php(1177): CodeIgniter\View\View->render('layout/wrapper', [], true)
13 APPPATH\Controllers\Dashboard.php(15): view('layout/wrapper', [...])
14 SYSTEMPATH\CodeIgniter.php(934): App\Controllers\Dashboard->index()
15 SYSTEMPATH\CodeIgniter.php(499): CodeIgniter\CodeIgniter->runController(Object(App\Controllers\Dashboard))
16 SYSTEMPATH\CodeIgniter.php(368): CodeIgniter\CodeIgniter->handleRequest(null, Object(Config\Cache), false)
17 FCPATH\index.php(67): CodeIgniter\CodeIgniter->run()
18 SYSTEMPATH\Commands\Server\rewrite.php(47): require_once('FCPATH\\index.php')
INFO - 2023-03-01 14:48:00 --> Session: Class initialized using 'CodeIgniter\Session\Handlers\FileHandler' driver.
WARNING - 2023-03-01 14:48:00 --> [DEPRECATED] ucfirst(): Passing null to parameter #1 ($string) of type string is deprecated in APPPATH\Views\pages\dashboard.php on line 22.
 1 APPPATH\Views\pages\dashboard.php(22): ucfirst(null)
 2 SYSTEMPATH\View\View.php(213): include('APPPATH\\Views\\pages\\dashboard.php')
 3 SYSTEMPATH\View\View.php(216): CodeIgniter\View\View->CodeIgniter\View\{closure}()
 4 SYSTEMPATH\Common.php(1177): CodeIgniter\View\View->render('pages/dashboard', [], true)
 5 APPPATH\Views\layout\content.php(3): view('pages/dashboard')
 6 SYSTEMPATH\View\View.php(213): include('APPPATH\\Views\\layout\\content.php')
 7 SYSTEMPATH\View\View.php(216): CodeIgniter\View\View->CodeIgniter\View\{closure}()
 8 SYSTEMPATH\Common.php(1177): CodeIgniter\View\View->render('layout/content', [], true)
 9 APPPATH\Views\layout\wrapper.php(5): view('layout/content')
10 SYSTEMPATH\View\View.php(213): include('APPPATH\\Views\\layout\\wrapper.php')
11 SYSTEMPATH\View\View.php(216): CodeIgniter\View\View->CodeIgniter\View\{closure}()
12 SYSTEMPATH\Common.php(1177): CodeIgniter\View\View->render('layout/wrapper', [], true)
13 APPPATH\Controllers\Dashboard.php(15): view('layout/wrapper', [...])
14 SYSTEMPATH\CodeIgniter.php(934): App\Controllers\Dashboard->index()
15 SYSTEMPATH\CodeIgniter.php(499): CodeIgniter\CodeIgniter->runController(Object(App\Controllers\Dashboard))
16 SYSTEMPATH\CodeIgniter.php(368): CodeIgniter\CodeIgniter->handleRequest(null, Object(Config\Cache), false)
17 FCPATH\index.php(67): CodeIgniter\CodeIgniter->run()
18 SYSTEMPATH\Commands\Server\rewrite.php(47): require_once('FCPATH\\index.php')
WARNING - 2023-03-01 14:48:00 --> [DEPRECATED] ucfirst(): Passing null to parameter #1 ($string) of type string is deprecated in APPPATH\Views\pages\dashboard.php on line 46.
 1 APPPATH\Views\pages\dashboard.php(46): ucfirst(null)
 2 SYSTEMPATH\View\View.php(213): include('APPPATH\\Views\\pages\\dashboard.php')
 3 SYSTEMPATH\View\View.php(216): CodeIgniter\View\View->CodeIgniter\View\{closure}()
 4 SYSTEMPATH\Common.php(1177): CodeIgniter\View\View->render('pages/dashboard', [], true)
 5 APPPATH\Views\layout\content.php(3): view('pages/dashboard')
 6 SYSTEMPATH\View\View.php(213): include('APPPATH\\Views\\layout\\content.php')
 7 SYSTEMPATH\View\View.php(216): CodeIgniter\View\View->CodeIgniter\View\{closure}()
 8 SYSTEMPATH\Common.php(1177): CodeIgniter\View\View->render('layout/content', [], true)
 9 APPPATH\Views\layout\wrapper.php(5): view('layout/content')
10 SYSTEMPATH\View\View.php(213): include('APPPATH\\Views\\layout\\wrapper.php')
11 SYSTEMPATH\View\View.php(216): CodeIgniter\View\View->CodeIgniter\View\{closure}()
12 SYSTEMPATH\Common.php(1177): CodeIgniter\View\View->render('layout/wrapper', [], true)
13 APPPATH\Controllers\Dashboard.php(15): view('layout/wrapper', [...])
14 SYSTEMPATH\CodeIgniter.php(934): App\Controllers\Dashboard->index()
15 SYSTEMPATH\CodeIgniter.php(499): CodeIgniter\CodeIgniter->runController(Object(App\Controllers\Dashboard))
16 SYSTEMPATH\CodeIgniter.php(368): CodeIgniter\CodeIgniter->handleRequest(null, Object(Config\Cache), false)
17 FCPATH\index.php(67): CodeIgniter\CodeIgniter->run()
18 SYSTEMPATH\Commands\Server\rewrite.php(47): require_once('FCPATH\\index.php')
WARNING - 2023-03-01 14:48:00 --> [DEPRECATED] ucfirst(): Passing null to parameter #1 ($string) of type string is deprecated in APPPATH\Views\pages\dashboard.php on line 56.
 1 APPPATH\Views\pages\dashboard.php(56): ucfirst(null)
 2 SYSTEMPATH\View\View.php(213): include('APPPATH\\Views\\pages\\dashboard.php')
 3 SYSTEMPATH\View\View.php(216): CodeIgniter\View\View->CodeIgniter\View\{closure}()
 4 SYSTEMPATH\Common.php(1177): CodeIgniter\View\View->render('pages/dashboard', [], true)
 5 APPPATH\Views\layout\content.php(3): view('pages/dashboard')
 6 SYSTEMPATH\View\View.php(213): include('APPPATH\\Views\\layout\\content.php')
 7 SYSTEMPATH\View\View.php(216): CodeIgniter\View\View->CodeIgniter\View\{closure}()
 8 SYSTEMPATH\Common.php(1177): CodeIgniter\View\View->render('layout/content', [], true)
 9 APPPATH\Views\layout\wrapper.php(5): view('layout/content')
10 SYSTEMPATH\View\View.php(213): include('APPPATH\\Views\\layout\\wrapper.php')
11 SYSTEMPATH\View\View.php(216): CodeIgniter\View\View->CodeIgniter\View\{closure}()
12 SYSTEMPATH\Common.php(1177): CodeIgniter\View\View->render('layout/wrapper', [], true)
13 APPPATH\Controllers\Dashboard.php(15): view('layout/wrapper', [...])
14 SYSTEMPATH\CodeIgniter.php(934): App\Controllers\Dashboard->index()
15 SYSTEMPATH\CodeIgniter.php(499): CodeIgniter\CodeIgniter->runController(Object(App\Controllers\Dashboard))
16 SYSTEMPATH\CodeIgniter.php(368): CodeIgniter\CodeIgniter->handleRequest(null, Object(Config\Cache), false)
17 FCPATH\index.php(67): CodeIgniter\CodeIgniter->run()
18 SYSTEMPATH\Commands\Server\rewrite.php(47): require_once('FCPATH\\index.php')
INFO - 2023-03-01 14:48:09 --> Session: Class initialized using 'CodeIgniter\Session\Handlers\FileHandler' driver.
WARNING - 2023-03-01 14:48:09 --> [DEPRECATED] ucfirst(): Passing null to parameter #1 ($string) of type string is deprecated in APPPATH\Views\pages\cek_jadwal.php on line 14.
 1 APPPATH\Views\pages\cek_jadwal.php(14): ucfirst(null)
 2 SYSTEMPATH\View\View.php(213): include('APPPATH\\Views\\pages\\cek_jadwal.php')
 3 SYSTEMPATH\View\View.php(216): CodeIgniter\View\View->CodeIgniter\View\{closure}()
 4 SYSTEMPATH\Common.php(1177): CodeIgniter\View\View->render('pages/cek_jadwal', [], true)
 5 APPPATH\Views\layout\content.php(3): view('pages/cek_jadwal')
 6 SYSTEMPATH\View\View.php(213): include('APPPATH\\Views\\layout\\content.php')
 7 SYSTEMPATH\View\View.php(216): CodeIgniter\View\View->CodeIgniter\View\{closure}()
 8 SYSTEMPATH\Common.php(1177): CodeIgniter\View\View->render('layout/content', [], true)
 9 APPPATH\Views\layout\wrapper.php(5): view('layout/content')
10 SYSTEMPATH\View\View.php(213): include('APPPATH\\Views\\layout\\wrapper.php')
11 SYSTEMPATH\View\View.php(216): CodeIgniter\View\View->CodeIgniter\View\{closure}()
12 SYSTEMPATH\Common.php(1177): CodeIgniter\View\View->render('layout/wrapper', [], true)
13 APPPATH\Controllers\CekJadwal.php(15): view('layout/wrapper', [...])
14 SYSTEMPATH\CodeIgniter.php(934): App\Controllers\CekJadwal->index()
15 SYSTEMPATH\CodeIgniter.php(499): CodeIgniter\CodeIgniter->runController(Object(App\Controllers\CekJadwal))
16 SYSTEMPATH\CodeIgniter.php(368): CodeIgniter\CodeIgniter->handleRequest(null, Object(Config\Cache), false)
17 FCPATH\index.php(67): CodeIgniter\CodeIgniter->run()
18 SYSTEMPATH\Commands\Server\rewrite.php(47): require_once('FCPATH\\index.php')
WARNING - 2023-03-01 14:48:09 --> [DEPRECATED] ucfirst(): Passing null to parameter #1 ($string) of type string is deprecated in APPPATH\Views\pages\cek_jadwal.php on line 24.
 1 APPPATH\Views\pages\cek_jadwal.php(24): ucfirst(null)
 2 SYSTEMPATH\View\View.php(213): include('APPPATH\\Views\\pages\\cek_jadwal.php')
 3 SYSTEMPATH\View\View.php(216): CodeIgniter\View\View->CodeIgniter\View\{closure}()
 4 SYSTEMPATH\Common.php(1177): CodeIgniter\View\View->render('pages/cek_jadwal', [], true)
 5 APPPATH\Views\layout\content.php(3): view('pages/cek_jadwal')
 6 SYSTEMPATH\View\View.php(213): include('APPPATH\\Views\\layout\\content.php')
 7 SYSTEMPATH\View\View.php(216): CodeIgniter\View\View->CodeIgniter\View\{closure}()
 8 SYSTEMPATH\Common.php(1177): CodeIgniter\View\View->render('layout/content', [], true)
 9 APPPATH\Views\layout\wrapper.php(5): view('layout/content')
10 SYSTEMPATH\View\View.php(213): include('APPPATH\\Views\\layout\\wrapper.php')
11 SYSTEMPATH\View\View.php(216): CodeIgniter\View\View->CodeIgniter\View\{closure}()
12 SYSTEMPATH\Common.php(1177): CodeIgniter\View\View->render('layout/wrapper', [], true)
13 APPPATH\Controllers\CekJadwal.php(15): view('layout/wrapper', [...])
14 SYSTEMPATH\CodeIgniter.php(934): App\Controllers\CekJadwal->index()
15 SYSTEMPATH\CodeIgniter.php(499): CodeIgniter\CodeIgniter->runController(Object(App\Controllers\CekJadwal))
16 SYSTEMPATH\CodeIgniter.php(368): CodeIgniter\CodeIgniter->handleRequest(null, Object(Config\Cache), false)
17 FCPATH\index.php(67): CodeIgniter\CodeIgniter->run()
18 SYSTEMPATH\Commands\Server\rewrite.php(47): require_once('FCPATH\\index.php')
